Log file open, 08/27/20 12:39:39
LogInit: Display: Running engine for game: Drive
LogPlatformFile: Not using cached read wrapper
LogTaskGraph: Started task graph with 5 named threads and 20 total threads with 3 sets of task threads.
LogStats: Stats thread started at 0.231596
LogD3D11RHI: Loaded GFSDK_Aftermath_Lib.x64.dll
LogICUInternationalization: ICU TimeZone Detection - Raw Offset: +12:00, Platform Override: ''
LogPluginManager: Mounting plugin Paper2D
LogPluginManager: Mounting plugin AISupport
LogPluginManager: Mounting plugin LightPropagationVolume
LogPluginManager: Mounting plugin CameraShakePreviewer
LogPluginManager: Mounting plugin ActorLayerUtilities
LogPluginManager: Mounting plugin AnimationSharing
LogPluginManager: Mounting plugin CLionSourceCodeAccess
LogPluginManager: Mounting plugin CodeLiteSourceCodeAccess
LogPluginManager: Mounting plugin GitSourceControl
LogPluginManager: Mounting plugin KDevelopSourceCodeAccess
LogPluginManager: Mounting plugin NullSourceCodeAccess
LogPluginManager: Mounting plugin PerforceSourceControl
LogPluginManager: Mounting plugin PlasticSourceControl
LogPluginManager: Mounting plugin RiderSourceCodeAccess
LogPluginManager: Mounting plugin SubversionSourceControl
LogPluginManager: Mounting plugin UObjectPlugin
LogPluginManager: Mounting plugin VisualStudioCodeSourceCodeAccess
LogPluginManager: Mounting plugin VisualStudioSourceCodeAccess
LogPluginManager: Mounting plugin XCodeSourceCodeAccess
LogPluginManager: Mounting plugin AssetManagerEditor
LogPluginManager: Mounting plugin CryptoKeys
LogPluginManager: Mounting plugin CurveEditorTools
LogPluginManager: Mounting plugin DataValidation
LogPluginManager: Mounting plugin EditorScriptingUtilities
LogPluginManager: Mounting plugin FacialAnimation
LogPluginManager: Mounting plugin GameplayTagsEditor
LogPluginManager: Mounting plugin GeometryMode
LogPluginManager: Mounting plugin MacGraphicsSwitching
LogPluginManager: Mounting plugin MaterialAnalyzer
LogPluginManager: Mounting plugin MobileLauncherProfileWizard
LogPluginManager: Mounting plugin PluginBrowser
LogPluginManager: Mounting plugin SpeedTreeImporter
LogPluginManager: Mounting plugin DatasmithContent
LogPluginManager: Mounting plugin VariantManagerContent
LogPluginManager: Mounting plugin AlembicImporter
LogPluginManager: Mounting plugin AutomationUtils
LogPluginManager: Mounting plugin BackChannel
LogPluginManager: Mounting plugin ChaosCloth
LogPluginManager: Mounting plugin ChaosClothEditor
LogPluginManager: Mounting plugin ChaosEditor
LogPluginManager: Mounting plugin ChaosNiagara
LogPluginManager: Mounting plugin ChaosSolverPlugin
LogPluginManager: Mounting plugin CharacterAI
LogPluginManager: Mounting plugin GeometryCache
LogPluginManager: Mounting plugin GeometryCollectionPlugin
LogPluginManager: Mounting plugin GeometryProcessing
LogPluginManager: Mounting plugin PlanarCut
LogPluginManager: Mounting plugin PlatformCrypto
LogPluginManager: Mounting plugin ProxyLODPlugin
LogPluginManager: Mounting plugin RawInput
LogPluginManager: Mounting plugin SkeletalReduction
LogPluginManager: Mounting plugin Niagara
LogPluginManager: Mounting plugin MagicLeap
LogPluginManager: Mounting plugin MagicLeapLightEstimation
LogPluginManager: Mounting plugin MagicLeapMedia
LogPluginManager: Mounting plugin MagicLeapPassableWorld
LogPluginManager: Mounting plugin MLSDK
LogPluginManager: Mounting plugin AndroidMedia
LogPluginManager: Mounting plugin AvfMedia
LogPluginManager: Mounting plugin ImgMedia
LogPluginManager: Mounting plugin MediaCompositing
LogPluginManager: Mounting plugin MediaPlayerEditor
LogPluginManager: Mounting plugin WebMMedia
LogPluginManager: Mounting plugin WmfMedia
LogPluginManager: Mounting plugin MeshPainting
LogPluginManager: Mounting plugin TcpMessaging
LogPluginManager: Mounting plugin UdpMessaging
LogPluginManager: Mounting plugin ActorSequence
LogPluginManager: Mounting plugin LevelSequenceEditor
LogPluginManager: Mounting plugin MatineeToLevelSequence
LogPluginManager: Mounting plugin MovieRenderPipeline
LogPluginManager: Mounting plugin TemplateSequence
LogPluginManager: Mounting plugin NetcodeUnitTest
LogPluginManager: Mounting plugin NUTUnrealEngine4
LogPluginManager: Mounting plugin OnlineSubsystemGooglePlay
LogPluginManager: Mounting plugin OnlineSubsystemIOS
LogPluginManager: Mounting plugin OnlineSubsystem
LogPluginManager: Mounting plugin OnlineSubsystemNull
LogPluginManager: Mounting plugin OnlineSubsystemUtils
LogPluginManager: Mounting plugin LauncherChunkInstaller
LogPluginManager: Mounting plugin AndroidDeviceProfileSelector
LogPluginManager: Mounting plugin AndroidMoviePlayer
LogPluginManager: Mounting plugin AndroidPermission
LogPluginManager: Mounting plugin AppleImageUtils
LogPluginManager: Mounting plugin AppleMoviePlayer
LogPluginManager: Mounting plugin ArchVisCharacter
LogPluginManager: Mounting plugin AssetTags
LogPluginManager: Mounting plugin AudioCapture
LogPluginManager: Mounting plugin CableComponent
LogPluginManager: Mounting plugin CustomMeshComponent
LogPluginManager: Mounting plugin EditableMesh
LogPluginManager: Mounting plugin ExampleDeviceProfileSelector
LogPluginManager: Mounting plugin GoogleCloudMessaging
LogPluginManager: Mounting plugin GooglePAD
LogPluginManager: Mounting plugin IOSDeviceProfileSelector
LogPluginManager: Mounting plugin LinuxDeviceProfileSelector
LogPluginManager: Mounting plugin LocationServicesBPLibrary
LogPluginManager: Mounting plugin MobilePatchingUtils
LogPluginManager: Mounting plugin OculusVR
LogPluginManager: Mounting plugin PhysXVehicles
LogPluginManager: Mounting plugin PostSplashScreen
LogPluginManager: Mounting plugin ProceduralMeshComponent
LogPluginManager: Mounting plugin RuntimePhysXCooking
LogPluginManager: Mounting plugin SignificanceManager
LogPluginManager: Mounting plugin SoundFields
LogPluginManager: Mounting plugin SteamVR
LogPluginManager: Mounting plugin Synthesis
LogPluginManager: Mounting plugin WebMMoviePlayer
LogPluginManager: Mounting plugin WindowsMoviePlayer
LogPluginManager: Mounting plugin ScreenshotTools
LogInit: Using libcurl 7.55.1-DEV
LogInit:  - built for x86_64-pc-win32
LogInit:  - supports SSL with OpenSSL/1.1.1
LogInit:  - supports HTTP deflate (compression) using libz 1.2.8
LogInit:  - other features:
LogInit:      CURL_VERSION_SSL
LogInit:      CURL_VERSION_LIBZ
LogInit:      CURL_VERSION_IPV6
LogInit:      CURL_VERSION_ASYNCHDNS
LogInit:      CURL_VERSION_LARGEFILE
LogInit:      CURL_VERSION_IDN
LogInit:  CurlRequestOptions (configurable via config and command line):
LogInit:  - bVerifyPeer = true  - Libcurl will verify peer certificate
LogInit:  - bUseHttpProxy = false  - Libcurl will NOT use HTTP proxy
LogInit:  - bDontReuseConnections = false  - Libcurl will reuse connections
LogInit:  - MaxHostConnections = 16  - Libcurl will limit the number of connections to a host
LogInit:  - LocalHostAddr = Default
LogInit:  - BufferSize = 65536
LogOnline: OSS: Creating online subsystem instance for: NULL
LogInit: WinSock: version 1.1 (2.2), MaxSocks=32767, MaxUdp=65467
LogOnline: OSS: TryLoadSubsystemAndSetDefault: Loaded subsystem for module [NULL]
LogInit: Build: ++UE4+Release-4.25-CL-13942748
LogInit: Engine Version: 4.25.3-13942748+++UE4+Release-4.25
LogInit: Compatible Engine Version: 4.25.0-13144385+++UE4+Release-4.25
LogInit: Net CL: 13144385
LogInit: OS: Windows 10 (Release 2004) (), CPU: Intel(R) Core(TM) i5-8400 CPU @ 2.80GHz, GPU: NVIDIA GeForce GTX 1070 Ti
LogInit: Compiled (64-bit): Jul 25 2020 02:07:48
LogInit: Compiled with Visual C++: 19.24.28315.00
LogInit: Build Configuration: Development
LogInit: Branch Name: ++UE4+Release-4.25
LogInit: Command Line:  -EpicPortal -epicusername=mjoses -epicuserid=c57fdf05c86e4f5187a57f3e4481e603 -epiclocale=en
LogInit: Base Directory: E:/Programs/UnrealEngine/UE_4.25/Engine/Binaries/Win64/
LogInit: Allocator: TBB
LogInit: Installed Engine Build: 1
LogDevObjectVersion: Number of dev versions registered: 26
LogDevObjectVersion:   Dev-Blueprints (B0D832E4-1F89-4F0D-ACCF-7EB736FD4AA2): 10
LogDevObjectVersion:   Dev-Build (E1C64328-A22C-4D53-A36C-8E866417BD8C): 0
LogDevObjectVersion:   Dev-Core (375EC13C-06E4-48FB-B500-84F0262A717E): 4
LogDevObjectVersion:   Dev-Editor (E4B068ED-F494-42E9-A231-DA0B2E46BB41): 38
LogDevObjectVersion:   Dev-Framework (CFFC743F-43B0-4480-9391-14DF171D2073): 37
LogDevObjectVersion:   Dev-Mobile (B02B49B5-BB20-44E9-A304-32B752E40360): 2
LogDevObjectVersion:   Dev-Networking (A4E4105C-59A1-49B5-A7C5-40C4547EDFEE): 0
LogDevObjectVersion:   Dev-Online (39C831C9-5AE6-47DC-9A44-9C173E1C8E7C): 0
LogDevObjectVersion:   Dev-Physics (78F01B33-EBEA-4F98-B9B4-84EACCB95AA2): 4
LogDevObjectVersion:   Dev-Platform (6631380F-2D4D-43E0-8009-CF276956A95A): 0
LogDevObjectVersion:   Dev-Rendering (12F88B9F-8875-4AFC-A67C-D90C383ABD29): 43
LogDevObjectVersion:   Dev-Sequencer (7B5AE74C-D270-4C10-A958-57980B212A5A): 12
LogDevObjectVersion:   Dev-VR (D7296918-1DD6-4BDD-9DE2-64A83CC13884): 3
LogDevObjectVersion:   Dev-LoadTimes (C2A15278-BFE7-4AFE-6C17-90FF531DF755): 1
LogDevObjectVersion:   Private-Geometry (6EACA3D4-40EC-4CC1-B786-8BED09428FC5): 3
LogDevObjectVersion:   Dev-AnimPhys (29E575DD-E0A3-4627-9D10-D276232CDCEA): 17
LogDevObjectVersion:   Dev-Anim (AF43A65D-7FD3-4947-9873-3E8ED9C1BB05): 7
LogDevObjectVersion:   Dev-ReflectionCapture (6B266CEC-1EC7-4B8F-A30B-E4D90942FC07): 1
LogDevObjectVersion:   Dev-Automation (0DF73D61-A23F-47EA-B727-89E90C41499A): 1
LogDevObjectVersion:   FortniteMain (601D1886-AC64-4F84-AA16-D3DE0DEAC7D6): 31
LogDevObjectVersion:   Dev-Enterprise (9DFFBCD6-494F-0158-E221-12823C92A888): 10
LogDevObjectVersion:   Dev-Niagara (F2AED0AC-9AFE-416F-8664-AA7FFA26D6FC): 1
LogDevObjectVersion:   Dev-Destruction (174F1F0B-B4C6-45A5-B13F-2EE8D0FB917D): 10
LogDevObjectVersion:   Dev-Physics-Ext (35F94A83-E258-406C-A318-09F59610247C): 37
LogDevObjectVersion:   Dev-PhysicsMaterial-Chaos (B68FC16E-8B1B-42E2-B453-215C058844FE): 1
LogDevObjectVersion:   Dev-CineCamera (B2E18506-4273-CFC2-A54E-F4BB758BBA07): 1
LogInit: Presizing for max 25165824 objects, including 0 objects not considered by GC, pre-allocating 0 bytes for permanent pool.
LogConfig: Applying CVar settings from Section [/Script/Engine.StreamingSettings] File [E:/Documents/Git/drive/Drive/Saved/Config/Windows/Engine.ini]
LogConfig: Setting CVar [[s.MinBulkDataSizeForAsyncLoading:131072]]
LogConfig: Setting CVar [[s.AsyncLoadingThreadEnabled:0]]
LogConfig: Setting CVar [[s.EventDrivenLoaderEnabled:1]]
LogConfig: Setting CVar [[s.WarnIfTimeLimitExceeded:0]]
LogConfig: Setting CVar [[s.TimeLimitExceededMultiplier:1.5]]
LogConfig: Setting CVar [[s.TimeLimitExceededMinTime:0.005]]
LogConfig: Setting CVar [[s.UseBackgroundLevelStreaming:1]]
LogConfig: Setting CVar [[s.PriorityAsyncLoadingExtraTime:15.0]]
LogConfig: Setting CVar [[s.LevelStreamingActorsUpdateTimeLimit:5.0]]
LogConfig: Setting CVar [[s.PriorityLevelStreamingActorsUpdateExtraTime:5.0]]
LogConfig: Setting CVar [[s.LevelStreamingComponentsRegistrationGranularity:10]]
LogConfig: Setting CVar [[s.UnregisterComponentsTimeLimit:1.0]]
LogConfig: Setting CVar [[s.LevelStreamingComponentsUnregistrationGranularity:5]]
LogConfig: Setting CVar [[s.FlushStreamingOnExit:1]]
LogInit: Object subsystem initialized
LogConfig: Setting CVar [[con.DebugEarlyDefault:1]]
LogConfig: Setting CVar [[r.setres:1280x720]]
[2020.08.27-00.39.39:974][  0]LogConfig: Setting CVar [[r.VSync:0]]
[2020.08.27-00.39.39:974][  0]LogConfig: Setting CVar [[r.RHICmdBypass:0]]
[2020.08.27-00.39.39:974][  0]LogConfig: Applying CVar settings from Section [/Script/Engine.RendererSettings] File [E:/Documents/Git/drive/Drive/Saved/Config/Windows/Engine.ini]
[2020.08.27-00.39.39:974][  0]LogConfig: Setting CVar [[r.GPUCrashDebugging:0]]
[2020.08.27-00.39.39:974][  0]LogConfig: Applying CVar settings from Section [/Script/Engine.RendererOverrideSettings] File [E:/Documents/Git/drive/Drive/Saved/Config/Windows/Engine.ini]
[2020.08.27-00.39.39:974][  0]LogConfig: Applying CVar settings from Section [/Script/Engine.StreamingSettings] File [E:/Documents/Git/drive/Drive/Saved/Config/Windows/Engine.ini]
[2020.08.27-00.39.39:974][  0]LogConfig: Setting CVar [[s.MinBulkDataSizeForAsyncLoading:131072]]
[2020.08.27-00.39.39:974][  0]LogConfig: Setting CVar [[s.AsyncLoadingThreadEnabled:0]]
[2020.08.27-00.39.39:974][  0]LogConfig: Setting CVar [[s.EventDrivenLoaderEnabled:1]]
[2020.08.27-00.39.39:974][  0]LogConfig: Setting CVar [[s.WarnIfTimeLimitExceeded:0]]
[2020.08.27-00.39.39:974][  0]LogConfig: Setting CVar [[s.TimeLimitExceededMultiplier:1.5]]
[2020.08.27-00.39.39:974][  0]LogConfig: Setting CVar [[s.TimeLimitExceededMinTime:0.005]]
[2020.08.27-00.39.39:974][  0]LogConfig: Setting CVar [[s.UseBackgroundLevelStreaming:1]]
[2020.08.27-00.39.39:974][  0]LogConfig: Setting CVar [[s.PriorityAsyncLoadingExtraTime:15.0]]
[2020.08.27-00.39.39:974][  0]LogConfig: Setting CVar [[s.LevelStreamingActorsUpdateTimeLimit:5.0]]
[2020.08.27-00.39.39:974][  0]LogConfig: Setting CVar [[s.PriorityLevelStreamingActorsUpdateExtraTime:5.0]]
[2020.08.27-00.39.39:974][  0]LogConfig: Setting CVar [[s.LevelStreamingComponentsRegistrationGranularity:10]]
[2020.08.27-00.39.39:974][  0]LogConfig: Setting CVar [[s.UnregisterComponentsTimeLimit:1.0]]
[2020.08.27-00.39.39:974][  0]LogConfig: Setting CVar [[s.LevelStreamingComponentsUnregistrationGranularity:5]]
[2020.08.27-00.39.39:974][  0]LogConfig: Setting CVar [[s.FlushStreamingOnExit:1]]
[2020.08.27-00.39.39:974][  0]LogConfig: Applying CVar settings from Section [/Script/Engine.GarbageCollectionSettings] File [E:/Documents/Git/drive/Drive/Saved/Config/Windows/Engine.ini]
[2020.08.27-00.39.39:974][  0]LogConfig: Setting CVar [[gc.MaxObjectsNotConsideredByGC:1]]
[2020.08.27-00.39.39:974][  0]LogConfig: Setting CVar [[gc.SizeOfPermanentObjectPool:0]]
[2020.08.27-00.39.39:974][  0]LogConfig: Setting CVar [[gc.FlushStreamingOnGC:0]]
[2020.08.27-00.39.39:974][  0]LogConfig: Setting CVar [[gc.NumRetriesBeforeForcingGC:10]]
[2020.08.27-00.39.39:974][  0]LogConfig: Setting CVar [[gc.AllowParallelGC:1]]
[2020.08.27-00.39.39:975][  0]LogConfig: Setting CVar [[gc.TimeBetweenPurgingPendingKillObjects:61.1]]
[2020.08.27-00.39.39:975][  0]LogConfig: Setting CVar [[gc.MaxObjectsInEditor:25165824]]
[2020.08.27-00.39.39:975][  0]LogConfig: Setting CVar [[gc.IncrementalBeginDestroyEnabled:1]]
[2020.08.27-00.39.39:975][  0]LogConfig: Setting CVar [[gc.CreateGCClusters:1]]
[2020.08.27-00.39.39:975][  0]LogConfig: Setting CVar [[gc.MinGCClusterSize:5]]
[2020.08.27-00.39.39:975][  0]LogConfig: Setting CVar [[gc.ActorClusteringEnabled:0]]
[2020.08.27-00.39.39:975][  0]LogConfig: Setting CVar [[gc.BlueprintClusteringEnabled:0]]
[2020.08.27-00.39.39:975][  0]LogConfig: Setting CVar [[gc.UseDisregardForGCOnDedicatedServers:0]]
[2020.08.27-00.39.39:975][  0]LogConfig: Applying CVar settings from Section [/Script/Engine.NetworkSettings] File [E:/Documents/Git/drive/Drive/Saved/Config/Windows/Engine.ini]
[2020.08.27-00.39.39:975][  0]LogConfig: Applying CVar settings from Section [/Script/UnrealEd.CookerSettings] File [E:/Documents/Git/drive/Drive/Saved/Config/Windows/Engine.ini]
[2020.08.27-00.39.39:979][  0]LogConfig: Applying CVar settings from Section [ViewDistanceQuality@3] File [E:/Documents/Git/drive/Drive/Saved/Config/Windows/Scalability.ini]
[2020.08.27-00.39.39:979][  0]LogConfig: Setting CVar [[r.SkeletalMeshLODBias:0]]
[2020.08.27-00.39.39:979][  0]LogConfig: Setting CVar [[r.ViewDistanceScale:1.0]]
[2020.08.27-00.39.39:979][  0]LogConfig: Applying CVar settings from Section [AntiAliasingQuality@3] File [E:/Documents/Git/drive/Drive/Saved/Config/Windows/Scalability.ini]
[2020.08.27-00.39.39:979][  0]LogConfig: Setting CVar [[r.PostProcessAAQuality:4]]
[2020.08.27-00.39.39:979][  0]LogConfig: Applying CVar settings from Section [ShadowQuality@3] File [E:/Documents/Git/drive/Drive/Saved/Config/Windows/Scalability.ini]
[2020.08.27-00.39.39:979][  0]LogConfig: Setting CVar [[r.LightFunctionQuality:1]]
[2020.08.27-00.39.39:979][  0]LogConfig: Setting CVar [[r.ShadowQuality:5]]
[2020.08.27-00.39.39:979][  0]LogConfig: Setting CVar [[r.Shadow.CSM.MaxCascades:10]]
[2020.08.27-00.39.39:979][  0]LogConfig: Setting CVar [[r.Shadow.MaxResolution:2048]]
[2020.08.27-00.39.39:979][  0]LogConfig: Setting CVar [[r.Shadow.MaxCSMResolution:2048]]
[2020.08.27-00.39.39:979][  0]LogConfig: Setting CVar [[r.Shadow.RadiusThreshold:0.01]]
[2020.08.27-00.39.39:979][  0]LogConfig: Setting CVar [[r.Shadow.DistanceScale:1.0]]
[2020.08.27-00.39.39:979][  0]LogConfig: Setting CVar [[r.Shadow.CSM.TransitionScale:1.0]]
[2020.08.27-00.39.39:979][  0]LogConfig: Setting CVar [[r.Shadow.PreShadowResolutionFactor:1.0]]
[2020.08.27-00.39.39:979][  0]LogConfig: Setting CVar [[r.DistanceFieldShadowing:1]]
[2020.08.27-00.39.39:979][  0]LogConfig: Setting CVar [[r.DistanceFieldAO:1]]
[2020.08.27-00.39.39:979][  0]LogConfig: Setting CVar [[r.AOQuality:2]]
[2020.08.27-00.39.39:979][  0]LogConfig: Setting CVar [[r.VolumetricFog:1]]
[2020.08.27-00.39.39:979][  0]LogConfig: Setting CVar [[r.VolumetricFog.GridPixelSize:8]]
[2020.08.27-00.39.39:979][  0]LogConfig: Setting CVar [[r.VolumetricFog.GridSizeZ:128]]
[2020.08.27-00.39.39:979][  0]LogConfig: Setting CVar [[r.VolumetricFog.HistoryMissSupersampleCount:4]]
[2020.08.27-00.39.39:979][  0]LogConfig: Setting CVar [[r.LightMaxDrawDistanceScale:1]]
[2020.08.27-00.39.39:979][  0]LogConfig: Setting CVar [[r.CapsuleShadows:1]]
[2020.08.27-00.39.39:979][  0]LogConfig: Applying CVar settings from Section [PostProcessQuality@3] File [E:/Documents/Git/drive/Drive/Saved/Config/Windows/Scalability.ini]
[2020.08.27-00.39.39:979][  0]LogConfig: Setting CVar [[r.MotionBlurQuality:4]]
[2020.08.27-00.39.39:979][  0]LogConfig: Setting CVar [[r.AmbientOcclusionMipLevelFactor:0.4]]
[2020.08.27-00.39.39:979][  0]LogConfig: Setting CVar [[r.AmbientOcclusionMaxQuality:100]]
[2020.08.27-00.39.39:979][  0]LogConfig: Setting CVar [[r.AmbientOcclusionLevels:-1]]
[2020.08.27-00.39.39:979][  0]LogConfig: Setting CVar [[r.AmbientOcclusionRadiusScale:1.0]]
[2020.08.27-00.39.39:979][  0]LogConfig: Setting CVar [[r.DepthOfFieldQuality:2]]
[2020.08.27-00.39.39:979][  0]LogConfig: Setting CVar [[r.RenderTargetPoolMin:400]]
[2020.08.27-00.39.39:979][  0]LogConfig: Setting CVar [[r.LensFlareQuality:2]]
[2020.08.27-00.39.39:979][  0]LogConfig: Setting CVar [[r.SceneColorFringeQuality:1]]
[2020.08.27-00.39.39:979][  0]LogConfig: Setting CVar [[r.EyeAdaptationQuality:2]]
[2020.08.27-00.39.39:979][  0]LogConfig: Setting CVar [[r.BloomQuality:5]]
[2020.08.27-00.39.39:979][  0]LogConfig: Setting CVar [[r.FastBlurThreshold:100]]
[2020.08.27-00.39.39:979][  0]LogConfig: Setting CVar [[r.Upscale.Quality:3]]
[2020.08.27-00.39.39:979][  0]LogConfig: Setting CVar [[r.Tonemapper.GrainQuantization:1]]
[2020.08.27-00.39.39:979][  0]LogConfig: Setting CVar [[r.LightShaftQuality:1]]
[2020.08.27-00.39.39:979][  0]LogConfig: Setting CVar [[r.Filter.SizeScale:1]]
[2020.08.27-00.39.39:979][  0]LogConfig: Setting CVar [[r.Tonemapper.Quality:5]]
[2020.08.27-00.39.39:979][  0]LogConfig: Setting CVar [[r.DOF.Gather.AccumulatorQuality:1        ; higher gathering accumulator quality]]
[2020.08.27-00.39.39:979][  0]LogConfig: Setting CVar [[r.DOF.Gather.PostfilterMethod:1          ; Median3x3 postfilering method]]
[2020.08.27-00.39.39:979][  0]LogConfig: Setting CVar [[r.DOF.Gather.EnableBokehSettings:0       ; no bokeh simulation when gathering]]
[2020.08.27-00.39.39:979][  0]LogConfig: Setting CVar [[r.DOF.Gather.RingCount:4                 ; medium number of samples when gathering]]
[2020.08.27-00.39.39:979][  0]LogConfig: Setting CVar [[r.DOF.Scatter.ForegroundCompositing:1    ; additive foreground scattering]]
[2020.08.27-00.39.39:979][  0]LogConfig: Setting CVar [[r.DOF.Scatter.BackgroundCompositing:2    ; additive background scattering]]
[2020.08.27-00.39.39:979][  0]LogConfig: Setting CVar [[r.DOF.Scatter.EnableBokehSettings:1      ; bokeh simulation when scattering]]
[2020.08.27-00.39.39:979][  0]LogConfig: Setting CVar [[r.DOF.Scatter.MaxSpriteRatio:0.1         ; only a maximum of 10% of scattered bokeh]]
[2020.08.27-00.39.39:980][  0]LogConfig: Setting CVar [[r.DOF.Recombine.Quality:1                ; cheap slight out of focus]]
[2020.08.27-00.39.39:980][  0]LogConfig: Setting CVar [[r.DOF.Recombine.EnableBokehSettings:0    ; no bokeh simulation on slight out of focus]]
[2020.08.27-00.39.39:980][  0]LogConfig: Setting CVar [[r.DOF.TemporalAAQuality:1                ; more stable temporal accumulation]]
[2020.08.27-00.39.39:980][  0]LogConfig: Setting CVar [[r.DOF.Kernel.MaxForegroundRadius:0.025]]
[2020.08.27-00.39.39:980][  0]LogConfig: Setting CVar [[r.DOF.Kernel.MaxBackgroundRadius:0.025]]
[2020.08.27-00.39.39:980][  0]LogConfig: Applying CVar settings from Section [TextureQuality@3] File [E:/Documents/Git/drive/Drive/Saved/Config/Windows/Scalability.ini]
[2020.08.27-00.39.39:980][  0]LogConfig: Setting CVar [[r.Streaming.MipBias:0]]
[2020.08.27-00.39.39:980][  0]LogConfig: Setting CVar [[r.Streaming.AmortizeCPUToGPUCopy:0]]
[2020.08.27-00.39.39:980][  0]LogConfig: Setting CVar [[r.Streaming.MaxNumTexturesToStreamPerFrame:0]]
[2020.08.27-00.39.39:980][  0]LogConfig: Setting CVar [[r.Streaming.Boost:1]]
[2020.08.27-00.39.39:980][  0]LogConfig: Setting CVar [[r.MaxAnisotropy:8]]
[2020.08.27-00.39.39:980][  0]LogConfig: Setting CVar [[r.VT.MaxAnisotropy:8]]
[2020.08.27-00.39.39:980][  0]LogConfig: Setting CVar [[r.Streaming.LimitPoolSizeToVRAM:0]]
[2020.08.27-00.39.39:980][  0]LogConfig: Setting CVar [[r.Streaming.PoolSize:1000]]
[2020.08.27-00.39.39:980][  0]LogConfig: Setting CVar [[r.Streaming.MaxEffectiveScreenSize:0]]
[2020.08.27-00.39.39:980][  0]LogConfig: Applying CVar settings from Section [EffectsQuality@3] File [E:/Documents/Git/drive/Drive/Saved/Config/Windows/Scalability.ini]
[2020.08.27-00.39.39:980][  0]LogConfig: Setting CVar [[r.TranslucencyLightingVolumeDim:64]]
[2020.08.27-00.39.39:980][  0]LogConfig: Setting CVar [[r.RefractionQuality:2]]
[2020.08.27-00.39.39:980][  0]LogConfig: Setting CVar [[r.SSR.Quality:3]]
[2020.08.27-00.39.39:980][  0]LogConfig: Setting CVar [[r.SSR.HalfResSceneColor:0]]
[2020.08.27-00.39.39:980][  0]LogConfig: Setting CVar [[r.SceneColorFormat:4]]
[2020.08.27-00.39.39:980][  0]LogConfig: Setting CVar [[r.DetailMode:2]]
[2020.08.27-00.39.39:980][  0]LogConfig: Setting CVar [[r.TranslucencyVolumeBlur:1]]
[2020.08.27-00.39.39:980][  0]LogConfig: Setting CVar [[r.MaterialQualityLevel:1 ; High quality]]
[2020.08.27-00.39.39:980][  0]LogConfig: Setting CVar [[r.SSS.Scale:1]]
[2020.08.27-00.39.39:980][  0]LogConfig: Setting CVar [[r.SSS.SampleSet:2]]
[2020.08.27-00.39.39:980][  0]LogConfig: Setting CVar [[r.SSS.Quality:1]]
[2020.08.27-00.39.39:980][  0]LogConfig: Setting CVar [[r.SSS.HalfRes:0]]
[2020.08.27-00.39.39:980][  0]LogConfig: Setting CVar [[r.SSGI.Quality:3]]
[2020.08.27-00.39.39:980][  0]LogConfig: Setting CVar [[r.EmitterSpawnRateScale:1.0]]
[2020.08.27-00.39.39:980][  0]LogConfig: Setting CVar [[r.ParticleLightQuality:2]]
[2020.08.27-00.39.39:980][  0]LogConfig: Setting CVar [[r.SkyAtmosphere.AerialPerspectiveLUT.FastApplyOnOpaque:1 ; Always have FastSkyLUT 1 in this case to avoid wrong sky]]
[2020.08.27-00.39.39:980][  0]LogConfig: Setting CVar [[r.SkyAtmosphere.AerialPerspectiveLUT.SampleCountPerSlice:1]]
[2020.08.27-00.39.39:980][  0]LogConfig: Setting CVar [[r.SkyAtmosphere.AerialPerspectiveLUT.DepthResolution:16.0]]
[2020.08.27-00.39.39:980][  0]LogConfig: Setting CVar [[r.SkyAtmosphere.FastSkyLUT:1]]
[2020.08.27-00.39.39:980][  0]LogConfig: Setting CVar [[r.SkyAtmosphere.FastSkyLUT.SampleCountMin:4.0]]
[2020.08.27-00.39.39:980][  0]LogConfig: Setting CVar [[r.SkyAtmosphere.FastSkyLUT.SampleCountMax:32.0]]
[2020.08.27-00.39.39:980][  0]LogConfig: Setting CVar [[r.SkyAtmosphere.SampleCountMin:4.0]]
[2020.08.27-00.39.39:980][  0]LogConfig: Setting CVar [[r.SkyAtmosphere.SampleCountMax:32.0]]
[2020.08.27-00.39.39:980][  0]LogConfig: Setting CVar [[r.SkyAtmosphere.TransmittanceLUT.UseSmallFormat:0]]
[2020.08.27-00.39.39:980][  0]LogConfig: Setting CVar [[r.SkyAtmosphere.TransmittanceLUT.SampleCount:10.0]]
[2020.08.27-00.39.39:980][  0]LogConfig: Setting CVar [[r.SkyAtmosphere.MultiScatteringLUT.SampleCount:15.0]]
[2020.08.27-00.39.39:980][  0]LogConfig: Applying CVar settings from Section [FoliageQuality@3] File [E:/Documents/Git/drive/Drive/Saved/Config/Windows/Scalability.ini]
[2020.08.27-00.39.39:980][  0]LogConfig: Setting CVar [[foliage.DensityScale:1.0]]
[2020.08.27-00.39.39:980][  0]LogConfig: Setting CVar [[grass.DensityScale:1.0]]
[2020.08.27-00.39.39:980][  0]LogConfig: Applying CVar settings from Section [ShadingQuality@3] File [E:/Documents/Git/drive/Drive/Saved/Config/Windows/Scalability.ini]
[2020.08.27-00.39.39:980][  0]LogConfig: Setting CVar [[r.HairStrands.SkyLighting.SampleCount:16]]
[2020.08.27-00.39.39:980][  0]LogConfig: Setting CVar [[r.HairStrands.SkyLighting.JitterIntegration:0]]
[2020.08.27-00.39.39:980][  0]LogConfig: Setting CVar [[r.HairStrands.SkyAO.SampleCount:16]]
[2020.08.27-00.39.39:980][  0]LogConfig: Setting CVar [[r.HairStrands.DeepShadow.SuperSampling:0]]
[2020.08.27-00.39.39:980][  0]LogConfig: Setting CVar [[r.HairStrands.VisibilityPPLL:0]]
[2020.08.27-00.39.39:980][  0]LogConfig: Setting CVar [[r.HairStrands.RasterizationScale:0.5]]
[2020.08.27-00.39.39:980][  0]LogConfig: Setting CVar [[r.HairStrands.VelocityRasterizationScale:1]]
[2020.08.27-00.39.39:980][  0]LogInit: Selected Device Profile: [Windows]
[2020.08.27-00.39.39:980][  0]LogInit: Applying CVar settings loaded from the selected device profile: [Windows]
[2020.08.27-00.39.39:980][  0]LogHAL: Display: Platform has ~ 16 GB [17100886016 / 17179869184 / 16], which maps to Larger [LargestMinGB=32, LargerMinGB=12, DefaultMinGB=8, SmallerMinGB=6, SmallestMinGB=0)
[2020.08.27-00.39.39:980][  0]LogInit: Going up to parent DeviceProfile []
[2020.08.27-00.39.39:980][  0]LogConfig: Applying CVar settings from Section [ViewDistanceQuality@3] File [E:/Documents/Git/drive/Drive/Saved/Config/Windows/Scalability.ini]
[2020.08.27-00.39.39:980][  0]LogConfig: Setting CVar [[r.SkeletalMeshLODBias:0]]
[2020.08.27-00.39.39:980][  0]LogConfig: Setting CVar [[r.ViewDistanceScale:1.0]]
[2020.08.27-00.39.39:980][  0]LogConfig: Applying CVar settings from Section [AntiAliasingQuality@3] File [E:/Documents/Git/drive/Drive/Saved/Config/Windows/Scalability.ini]
[2020.08.27-00.39.39:980][  0]LogConfig: Setting CVar [[r.PostProcessAAQuality:4]]
[2020.08.27-00.39.39:980][  0]LogConfig: Applying CVar settings from Section [ShadowQuality@3] File [E:/Documents/Git/drive/Drive/Saved/Config/Windows/Scalability.ini]
[2020.08.27-00.39.39:980][  0]LogConfig: Setting CVar [[r.LightFunctionQuality:1]]
[2020.08.27-00.39.39:980][  0]LogConfig: Setting CVar [[r.ShadowQuality:5]]
[2020.08.27-00.39.39:980][  0]LogConfig: Setting CVar [[r.Shadow.CSM.MaxCascades:10]]
[2020.08.27-00.39.39:980][  0]LogConfig: Setting CVar [[r.Shadow.MaxResolution:2048]]
[2020.08.27-00.39.39:980][  0]LogConfig: Setting CVar [[r.Shadow.MaxCSMResolution:2048]]
[2020.08.27-00.39.39:980][  0]LogConfig: Setting CVar [[r.Shadow.RadiusThreshold:0.01]]
[2020.08.27-00.39.39:980][  0]LogConfig: Setting CVar [[r.Shadow.DistanceScale:1.0]]
[2020.08.27-00.39.39:980][  0]LogConfig: Setting CVar [[r.Shadow.CSM.TransitionScale:1.0]]
[2020.08.27-00.39.39:980][  0]LogConfig: Setting CVar [[r.Shadow.PreShadowResolutionFactor:1.0]]
[2020.08.27-00.39.39:980][  0]LogConfig: Setting CVar [[r.DistanceFieldShadowing:1]]
[2020.08.27-00.39.39:980][  0]LogConfig: Setting CVar [[r.DistanceFieldAO:1]]
[2020.08.27-00.39.39:980][  0]LogConfig: Setting CVar [[r.AOQuality:2]]
[2020.08.27-00.39.39:980][  0]LogConfig: Setting CVar [[r.VolumetricFog:1]]
[2020.08.27-00.39.39:980][  0]LogConfig: Setting CVar [[r.VolumetricFog.GridPixelSize:8]]
[2020.08.27-00.39.39:980][  0]LogConfig: Setting CVar [[r.VolumetricFog.GridSizeZ:128]]
[2020.08.27-00.39.39:981][  0]LogConfig: Setting CVar [[r.VolumetricFog.HistoryMissSupersampleCount:4]]
[2020.08.27-00.39.39:981][  0]LogConfig: Setting CVar [[r.LightMaxDrawDistanceScale:1]]
[2020.08.27-00.39.39:981][  0]LogConfig: Setting CVar [[r.CapsuleShadows:1]]
[2020.08.27-00.39.39:981][  0]LogConfig: Applying CVar settings from Section [PostProcessQuality@3] File [E:/Documents/Git/drive/Drive/Saved/Config/Windows/Scalability.ini]
[2020.08.27-00.39.39:981][  0]LogConfig: Setting CVar [[r.MotionBlurQuality:4]]
[2020.08.27-00.39.39:981][  0]LogConfig: Setting CVar [[r.AmbientOcclusionMipLevelFactor:0.4]]
[2020.08.27-00.39.39:981][  0]LogConfig: Setting CVar [[r.AmbientOcclusionMaxQuality:100]]
[2020.08.27-00.39.39:981][  0]LogConfig: Setting CVar [[r.AmbientOcclusionLevels:-1]]
[2020.08.27-00.39.39:981][  0]LogConfig: Setting CVar [[r.AmbientOcclusionRadiusScale:1.0]]
[2020.08.27-00.39.39:981][  0]LogConfig: Setting CVar [[r.DepthOfFieldQuality:2]]
[2020.08.27-00.39.39:981][  0]LogConfig: Setting CVar [[r.RenderTargetPoolMin:400]]
[2020.08.27-00.39.39:981][  0]LogConfig: Setting CVar [[r.LensFlareQuality:2]]
[2020.08.27-00.39.39:981][  0]LogConfig: Setting CVar [[r.SceneColorFringeQuality:1]]
[2020.08.27-00.39.39:981][  0]LogConfig: Setting CVar [[r.EyeAdaptationQuality:2]]
[2020.08.27-00.39.39:981][  0]LogConfig: Setting CVar [[r.BloomQuality:5]]
[2020.08.27-00.39.39:981][  0]LogConfig: Setting CVar [[r.FastBlurThreshold:100]]
[2020.08.27-00.39.39:981][  0]LogConfig: Setting CVar [[r.Upscale.Quality:3]]
[2020.08.27-00.39.39:981][  0]LogConfig: Setting CVar [[r.Tonemapper.GrainQuantization:1]]
[2020.08.27-00.39.39:981][  0]LogConfig: Setting CVar [[r.LightShaftQuality:1]]
[2020.08.27-00.39.39:981][  0]LogConfig: Setting CVar [[r.Filter.SizeScale:1]]
[2020.08.27-00.39.39:981][  0]LogConfig: Setting CVar [[r.Tonemapper.Quality:5]]
[2020.08.27-00.39.39:981][  0]LogConfig: Setting CVar [[r.DOF.Gather.AccumulatorQuality:1        ; higher gathering accumulator quality]]
[2020.08.27-00.39.39:981][  0]LogConfig: Setting CVar [[r.DOF.Gather.PostfilterMethod:1          ; Median3x3 postfilering method]]
[2020.08.27-00.39.39:981][  0]LogConfig: Setting CVar [[r.DOF.Gather.EnableBokehSettings:0       ; no bokeh simulation when gathering]]
[2020.08.27-00.39.39:981][  0]LogConfig: Setting CVar [[r.DOF.Gather.RingCount:4                 ; medium number of samples when gathering]]
[2020.08.27-00.39.39:981][  0]LogConfig: Setting CVar [[r.DOF.Scatter.ForegroundCompositing:1    ; additive foreground scattering]]
[2020.08.27-00.39.39:981][  0]LogConfig: Setting CVar [[r.DOF.Scatter.BackgroundCompositing:2    ; additive background scattering]]
[2020.08.27-00.39.39:981][  0]LogConfig: Setting CVar [[r.DOF.Scatter.EnableBokehSettings:1      ; bokeh simulation when scattering]]
[2020.08.27-00.39.39:981][  0]LogConfig: Setting CVar [[r.DOF.Scatter.MaxSpriteRatio:0.1         ; only a maximum of 10% of scattered bokeh]]
[2020.08.27-00.39.39:981][  0]LogConfig: Setting CVar [[r.DOF.Recombine.Quality:1                ; cheap slight out of focus]]
[2020.08.27-00.39.39:981][  0]LogConfig: Setting CVar [[r.DOF.Recombine.EnableBokehSettings:0    ; no bokeh simulation on slight out of focus]]
[2020.08.27-00.39.39:981][  0]LogConfig: Setting CVar [[r.DOF.TemporalAAQuality:1                ; more stable temporal accumulation]]
[2020.08.27-00.39.39:981][  0]LogConfig: Setting CVar [[r.DOF.Kernel.MaxForegroundRadius:0.025]]
[2020.08.27-00.39.39:981][  0]LogConfig: Setting CVar [[r.DOF.Kernel.MaxBackgroundRadius:0.025]]
[2020.08.27-00.39.39:981][  0]LogConfig: Applying CVar settings from Section [TextureQuality@3] File [E:/Documents/Git/drive/Drive/Saved/Config/Windows/Scalability.ini]
[2020.08.27-00.39.39:981][  0]LogConfig: Setting CVar [[r.Streaming.MipBias:0]]
[2020.08.27-00.39.39:981][  0]LogConfig: Setting CVar [[r.Streaming.AmortizeCPUToGPUCopy:0]]
[2020.08.27-00.39.39:981][  0]LogConfig: Setting CVar [[r.Streaming.MaxNumTexturesToStreamPerFrame:0]]
[2020.08.27-00.39.39:981][  0]LogConfig: Setting CVar [[r.Streaming.Boost:1]]
[2020.08.27-00.39.39:981][  0]LogConfig: Setting CVar [[r.MaxAnisotropy:8]]
[2020.08.27-00.39.39:981][  0]LogConfig: Setting CVar [[r.VT.MaxAnisotropy:8]]
[2020.08.27-00.39.39:981][  0]LogConfig: Setting CVar [[r.Streaming.LimitPoolSizeToVRAM:0]]
[2020.08.27-00.39.39:981][  0]LogConfig: Setting CVar [[r.Streaming.PoolSize:1000]]
[2020.08.27-00.39.39:981][  0]LogConfig: Setting CVar [[r.Streaming.MaxEffectiveScreenSize:0]]
[2020.08.27-00.39.39:981][  0]LogConfig: Applying CVar settings from Section [EffectsQuality@3] File [E:/Documents/Git/drive/Drive/Saved/Config/Windows/Scalability.ini]
[2020.08.27-00.39.39:981][  0]LogConfig: Setting CVar [[r.TranslucencyLightingVolumeDim:64]]
[2020.08.27-00.39.39:981][  0]LogConfig: Setting CVar [[r.RefractionQuality:2]]
[2020.08.27-00.39.39:981][  0]LogConfig: Setting CVar [[r.SSR.Quality:3]]
[2020.08.27-00.39.39:981][  0]LogConfig: Setting CVar [[r.SSR.HalfResSceneColor:0]]
[2020.08.27-00.39.39:981][  0]LogConfig: Setting CVar [[r.SceneColorFormat:4]]
[2020.08.27-00.39.39:981][  0]LogConfig: Setting CVar [[r.DetailMode:2]]
[2020.08.27-00.39.39:981][  0]LogConfig: Setting CVar [[r.TranslucencyVolumeBlur:1]]
[2020.08.27-00.39.39:981][  0]LogConfig: Setting CVar [[r.MaterialQualityLevel:1 ; High quality]]
[2020.08.27-00.39.39:981][  0]LogConfig: Setting CVar [[r.SSS.Scale:1]]
[2020.08.27-00.39.39:981][  0]LogConfig: Setting CVar [[r.SSS.SampleSet:2]]
[2020.08.27-00.39.39:981][  0]LogConfig: Setting CVar [[r.SSS.Quality:1]]
[2020.08.27-00.39.39:981][  0]LogConfig: Setting CVar [[r.SSS.HalfRes:0]]
[2020.08.27-00.39.39:981][  0]LogConfig: Setting CVar [[r.SSGI.Quality:3]]
[2020.08.27-00.39.39:981][  0]LogConfig: Setting CVar [[r.EmitterSpawnRateScale:1.0]]
[2020.08.27-00.39.39:981][  0]LogConfig: Setting CVar [[r.ParticleLightQuality:2]]
[2020.08.27-00.39.39:981][  0]LogConfig: Setting CVar [[r.SkyAtmosphere.AerialPerspectiveLUT.FastApplyOnOpaque:1 ; Always have FastSkyLUT 1 in this case to avoid wrong sky]]
[2020.08.27-00.39.39:981][  0]LogConfig: Setting CVar [[r.SkyAtmosphere.AerialPerspectiveLUT.SampleCountPerSlice:1]]
[2020.08.27-00.39.39:981][  0]LogConfig: Setting CVar [[r.SkyAtmosphere.AerialPerspectiveLUT.DepthResolution:16.0]]
[2020.08.27-00.39.39:981][  0]LogConfig: Setting CVar [[r.SkyAtmosphere.FastSkyLUT:1]]
[2020.08.27-00.39.39:981][  0]LogConfig: Setting CVar [[r.SkyAtmosphere.FastSkyLUT.SampleCountMin:4.0]]
[2020.08.27-00.39.39:981][  0]LogConfig: Setting CVar [[r.SkyAtmosphere.FastSkyLUT.SampleCountMax:32.0]]
[2020.08.27-00.39.39:981][  0]LogConfig: Setting CVar [[r.SkyAtmosphere.SampleCountMin:4.0]]
[2020.08.27-00.39.39:981][  0]LogConfig: Setting CVar [[r.SkyAtmosphere.SampleCountMax:32.0]]
[2020.08.27-00.39.39:981][  0]LogConfig: Setting CVar [[r.SkyAtmosphere.TransmittanceLUT.UseSmallFormat:0]]
[2020.08.27-00.39.39:981][  0]LogConfig: Setting CVar [[r.SkyAtmosphere.TransmittanceLUT.SampleCount:10.0]]
[2020.08.27-00.39.39:981][  0]LogConfig: Setting CVar [[r.SkyAtmosphere.MultiScatteringLUT.SampleCount:15.0]]
[2020.08.27-00.39.39:981][  0]LogConfig: Applying CVar settings from Section [FoliageQuality@3] File [E:/Documents/Git/drive/Drive/Saved/Config/Windows/Scalability.ini]
[2020.08.27-00.39.39:981][  0]LogConfig: Setting CVar [[foliage.DensityScale:1.0]]
[2020.08.27-00.39.39:981][  0]LogConfig: Setting CVar [[grass.DensityScale:1.0]]
[2020.08.27-00.39.39:981][  0]LogConfig: Applying CVar settings from Section [ShadingQuality@3] File [E:/Documents/Git/drive/Drive/Saved/Config/Windows/Scalability.ini]
[2020.08.27-00.39.39:981][  0]LogConfig: Setting CVar [[r.HairStrands.SkyLighting.SampleCount:16]]
[2020.08.27-00.39.39:981][  0]LogConfig: Setting CVar [[r.HairStrands.SkyLighting.JitterIntegration:0]]
[2020.08.27-00.39.39:981][  0]LogConfig: Setting CVar [[r.HairStrands.SkyAO.SampleCount:16]]
[2020.08.27-00.39.39:981][  0]LogConfig: Setting CVar [[r.HairStrands.DeepShadow.SuperSampling:0]]
[2020.08.27-00.39.39:981][  0]LogConfig: Setting CVar [[r.HairStrands.VisibilityPPLL:0]]
[2020.08.27-00.39.39:981][  0]LogConfig: Setting CVar [[r.HairStrands.RasterizationScale:0.5]]
[2020.08.27-00.39.39:981][  0]LogConfig: Setting CVar [[r.HairStrands.VelocityRasterizationScale:1]]
[2020.08.27-00.39.39:981][  0]LogConfig: Applying CVar settings from Section [Startup] File [../../../Engine/Config/ConsoleVariables.ini]
[2020.08.27-00.39.39:982][  0]LogConfig: Setting CVar [[net.UseAdaptiveNetUpdateFrequency:0]]
[2020.08.27-00.39.39:982][  0]LogConfig: Setting CVar [[p.chaos.AllowCreatePhysxBodies:1]]
[2020.08.27-00.39.39:982][  0]LogConfig: Setting CVar [[fx.SkipVectorVMBackendOptimizations:1]]
[2020.08.27-00.39.39:982][  0]LogConfig: Applying CVar settings from Section [ConsoleVariables] File [E:/Documents/Git/drive/Drive/Saved/Config/Windows/Engine.ini]
[2020.08.27-00.39.39:982][  0]LogInit: Computer: DESKTOP-FFLP19A
[2020.08.27-00.39.39:982][  0]LogInit: User: MosesC
[2020.08.27-00.39.39:982][  0]LogInit: CPU Page size=4096, Cores=6
[2020.08.27-00.39.39:982][  0]LogInit: High frequency timer resolution =10.000000 MHz
[2020.08.27-00.39.39:982][  0]LogMemory: Memory total: Physical=15.9GB (16GB approx)
[2020.08.27-00.39.39:982][  0]LogMemory: Platform Memory Stats for Windows
[2020.08.27-00.39.39:982][  0]LogMemory: Process Physical Memory: 115.04 MB used, 115.04 MB peak
[2020.08.27-00.39.39:982][  0]LogMemory: Process Virtual Memory: 95.77 MB used, 95.77 MB peak
[2020.08.27-00.39.39:982][  0]LogMemory: Physical Memory: 5628.98 MB used,  10679.70 MB free, 16308.68 MB total
[2020.08.27-00.39.39:982][  0]LogMemory: Virtual Memory: 5138.95 MB used,  134212592.00 MB free, 134217728.00 MB total
[2020.08.27-00.39.39:986][  0]LogWindows: WindowsPlatformFeatures enabled
[2020.08.27-00.39.40:014][  0]LogInit: Physics initialised using underlying interface: PhysX
[2020.08.27-00.39.40:015][  0]LogInit: Using OS detected language (en-US).
[2020.08.27-00.39.40:015][  0]LogInit: Using OS detected locale (en-NZ).
[2020.08.27-00.39.40:017][  0]LogTextLocalizationManager: No specific localization for 'en-US' exists, so the 'en' localization will be used.
[2020.08.27-00.39.40:178][  0]LogInit: Setting process to per monitor DPI aware
[2020.08.27-00.39.40:204][  0]LogSlate: New Slate User Created.  User Index 0, Is Virtual User: 0
[2020.08.27-00.39.40:204][  0]LogSlate: Slate User Registered.  User Index 0, Is Virtual User: 0
[2020.08.27-00.39.40:318][  0]LogHMD: Failed to initialize OpenVR with code 110
[2020.08.27-00.39.40:319][  0]LogD3D11RHI: D3D11 min allowed feature level: 11_0
[2020.08.27-00.39.40:319][  0]LogD3D11RHI: D3D11 max allowed feature level: 11_0
[2020.08.27-00.39.40:319][  0]LogD3D11RHI: D3D11 adapters:
[2020.08.27-00.39.40:391][  0]LogD3D11RHI:    0. 'NVIDIA GeForce GTX 1070 Ti' (Feature Level 11_0)
[2020.08.27-00.39.40:391][  0]LogD3D11RHI:       8079/0/8154 MB DedicatedVideo/DedicatedSystem/SharedSystem, Outputs:2, VendorId:0x10de
[2020.08.27-00.39.40:392][  0]LogD3D11RHI:    1. 'Microsoft Basic Render Driver' (Feature Level 11_0)
[2020.08.27-00.39.40:392][  0]LogD3D11RHI:       0/0/8154 MB DedicatedVideo/DedicatedSystem/SharedSystem, Outputs:0, VendorId:0x1414
[2020.08.27-00.39.40:392][  0]LogD3D11RHI: Chosen D3D11 Adapter: 0
[2020.08.27-00.39.40:399][  0]LogD3D11RHI: Creating new Direct3DDevice
[2020.08.27-00.39.40:399][  0]LogD3D11RHI:     GPU DeviceId: 0x1b82 (for the marketing name, search the web for "GPU Device Id")
[2020.08.27-00.39.40:399][  0]LogWindows: EnumDisplayDevices:
[2020.08.27-00.39.40:400][  0]LogWindows:    0. 'NVIDIA GeForce GTX 1070 Ti' (P:1 D:1)
[2020.08.27-00.39.40:401][  0]LogWindows:    1. 'NVIDIA GeForce GTX 1070 Ti' (P:0 D:1)
[2020.08.27-00.39.40:401][  0]LogWindows:    2. 'NVIDIA GeForce GTX 1070 Ti' (P:0 D:0)
[2020.08.27-00.39.40:401][  0]LogWindows:    3. 'NVIDIA GeForce GTX 1070 Ti' (P:0 D:0)
[2020.08.27-00.39.40:402][  0]LogWindows: DebugString: FoundDriverCount:4 
[2020.08.27-00.39.40:402][  0]LogD3D11RHI:     Adapter Name: NVIDIA GeForce GTX 1070 Ti
[2020.08.27-00.39.40:402][  0]LogD3D11RHI:   Driver Version: 452.06 (internal:27.21.14.5206, unified:452.06)
[2020.08.27-00.39.40:402][  0]LogD3D11RHI:      Driver Date: 8-12-2020
[2020.08.27-00.39.40:402][  0]LogRHI: Texture pool is 5655 MB (70% of 8079 MB)
[2020.08.27-00.39.40:465][  0]LogD3D11RHI: RHI has support for 64 bit atomics
[2020.08.27-00.39.40:467][  0]LogD3D11RHI: [Aftermath] Enabled and primed
[2020.08.27-00.39.40:467][  0]LogD3D11RHI: Async texture creation enabled
[2020.08.27-00.39.40:467][  0]LogD3D11RHI: Array index from any shader is supported
[2020.08.27-00.39.40:489][  0]LogD3D11RHI: GPU Timing Frequency: 1000.000000 (Debug: 2 1)
[2020.08.27-00.39.40:801][  0]LogTargetPlatformManager: Display: Loaded TargetPlatform 'AllDesktop'
[2020.08.27-00.39.40:819][  0]LogTargetPlatformManager: Display: Loaded TargetPlatform 'Android'
[2020.08.27-00.39.40:819][  0]LogTargetPlatformManager: Display: Loaded TargetPlatform 'Android_ASTC'
[2020.08.27-00.39.40:819][  0]LogTargetPlatformManager: Display: Loaded TargetPlatform 'Android_DXT'
[2020.08.27-00.39.40:819][  0]LogTargetPlatformManager: Display: Loaded TargetPlatform 'Android_ETC2'
[2020.08.27-00.39.40:819][  0]LogTargetPlatformManager: Display: Loaded TargetPlatform 'AndroidClient'
[2020.08.27-00.39.40:819][  0]LogTargetPlatformManager: Display: Loaded TargetPlatform 'Android_ASTCClient'
[2020.08.27-00.39.40:819][  0]LogTargetPlatformManager: Display: Loaded TargetPlatform 'Android_DXTClient'
[2020.08.27-00.39.40:819][  0]LogTargetPlatformManager: Display: Loaded TargetPlatform 'Android_ETC2Client'
[2020.08.27-00.39.40:819][  0]LogTargetPlatformManager: Display: Loaded TargetPlatform 'Android_Multi'
[2020.08.27-00.39.40:820][  0]LogTargetPlatformManager: Display: Loaded TargetPlatform 'Android_MultiClient'
[2020.08.27-00.39.40:839][  0]LogTargetPlatformManager: Display: Loaded TargetPlatform 'IOSClient'
[2020.08.27-00.39.40:839][  0]LogTargetPlatformManager: Display: Loaded TargetPlatform 'IOS'
[2020.08.27-00.39.40:847][  0]LogTargetPlatformManager: Display: Loaded TargetPlatform 'Linux'
[2020.08.27-00.39.40:855][  0]LogTargetPlatformManager: Display: Loaded TargetPlatform 'LinuxNoEditor'
[2020.08.27-00.39.40:863][  0]LogTargetPlatformManager: Display: Loaded TargetPlatform 'LinuxClient'
[2020.08.27-00.39.40:871][  0]LogTargetPlatformManager: Display: Loaded TargetPlatform 'LinuxServer'
[2020.08.27-00.39.40:878][  0]LogTargetPlatformManager: Display: Loaded TargetPlatform 'LinuxAArch64NoEditor'
[2020.08.27-00.39.40:886][  0]LogTargetPlatformManager: Display: Loaded TargetPlatform 'LinuxAArch64Client'
[2020.08.27-00.39.40:893][  0]LogTargetPlatformManager: Display: Loaded TargetPlatform 'LinuxAArch64Server'
[2020.08.27-00.39.40:915][  0]LogTargetPlatformManager: Display: Loaded TargetPlatform 'Lumin'
[2020.08.27-00.39.40:915][  0]LogTargetPlatformManager: Display: Loaded TargetPlatform 'LuminClient'
[2020.08.27-00.39.40:929][  0]LogTargetPlatformManager: Display: Loaded TargetPlatform 'TVOSClient'
[2020.08.27-00.39.40:929][  0]LogTargetPlatformManager: Display: Loaded TargetPlatform 'TVOS'
[2020.08.27-00.39.40:937][  0]LogTargetPlatformManager: Display: Loaded TargetPlatform 'WindowsNoEditor'
[2020.08.27-00.39.40:945][  0]LogTargetPlatformManager: Display: Loaded TargetPlatform 'Windows'
[2020.08.27-00.39.40:952][  0]LogTargetPlatformManager: Display: Loaded TargetPlatform 'WindowsClient'
[2020.08.27-00.39.40:960][  0]LogTargetPlatformManager: Display: Loaded TargetPlatform 'WindowsServer'
[2020.08.27-00.39.40:960][  0]LogTargetPlatformManager: Display: Building Assets For Windows
[2020.08.27-00.39.40:965][  0]LogAudioDebug: Display: Lib vorbis DLL was dynamically loaded.
[2020.08.27-00.39.41:014][  0]LogShaderCompilers: Guid format shader working directory is 5 characters bigger than the processId version (../../../../../../Documents/Git/drive/Drive/Intermediate/Shaders/WorkingDirectory/4128/).
[2020.08.27-00.39.41:015][  0]LogShaderCompilers: Cleaned the shader compiler working directory 'C:/Users/Moses C/AppData/Local/Temp/UnrealShaderWorkingDir/46DE67A142A04951F32A6ABA1454D242/'.
[2020.08.27-00.39.41:015][  0]LogXGEController: Cleaning working directory: C:/Users/Moses C/AppData/Local/Temp/UnrealXGEWorkingDir/
[2020.08.27-00.39.41:015][  0]LogXGEController: Cannot use XGE Controller as Incredibuild is not installed on this machine.
[2020.08.27-00.39.41:015][  0]LogShaderCompilers: Cannot use XGE Shader Compiler as Incredibuild is not installed on this machine.
[2020.08.27-00.39.41:015][  0]LogShaderCompilers: Display: Using Local Shader Compiler.
[2020.08.27-00.39.41:694][  0]LogDerivedDataCache: Display: Max Cache Size: 512 MB
[2020.08.27-00.39.41:743][  0]LogDerivedDataCache: Loaded boot cache 0.05s 76MB C:/Users/Moses C/AppData/Local/UnrealEngine/4.25/DerivedDataCache/Boot.ddc.
[2020.08.27-00.39.41:743][  0]LogDerivedDataCache: Display: Loaded Boot cache: C:/Users/Moses C/AppData/Local/UnrealEngine/4.25/DerivedDataCache/Boot.ddc
[2020.08.27-00.39.41:743][  0]LogDerivedDataCache: FDerivedDataBackendGraph:  Pak pak cache file ../../../../../../Documents/Git/drive/Drive/DerivedDataCache/DDC.ddp not found, will not use a pak cache.
[2020.08.27-00.39.41:743][  0]LogDerivedDataCache: Unable to find inner node Pak for hierarchical cache Hierarchy.
[2020.08.27-00.39.41:743][  0]LogDerivedDataCache: FDerivedDataBackendGraph:  CompressedPak pak cache file ../../../../../../Documents/Git/drive/Drive/DerivedDataCache/Compressed.ddp not found, will not use a pak cache.
[2020.08.27-00.39.41:743][  0]LogDerivedDataCache: Unable to find inner node CompressedPak for hierarchical cache Hierarchy.
[2020.08.27-00.39.41:752][  0]LogDerivedDataCache: Display: Pak cache opened for reading ../../../Engine/DerivedDataCache/Compressed.ddp.
[2020.08.27-00.39.41:752][  0]LogDerivedDataCache: FDerivedDataBackendGraph:  EnterprisePak pak cache file ../../../Enterprise/DerivedDataCache/Compressed.ddp not found, will not use a pak cache.
[2020.08.27-00.39.41:752][  0]LogDerivedDataCache: Unable to find inner node EnterprisePak for hierarchical cache Hierarchy.
[2020.08.27-00.39.41:754][  0]LogDerivedDataCache: Using Local data cache path C:/Users/Moses C/AppData/Local/UnrealEngine/Common/DerivedDataCache: Writable
[2020.08.27-00.39.41:754][  0]LogDerivedDataCache: Shared data cache path not found in *engine.ini, will not use an Shared cache.
[2020.08.27-00.39.41:754][  0]LogDerivedDataCache: Unable to find inner node Shared for hierarchical cache Hierarchy.
[2020.08.27-00.39.41:799][  0]LogSlate: Using FreeType 2.10.0
[2020.08.27-00.39.41:799][  0]LogSlate: SlateFontServices - WITH_FREETYPE: 1, WITH_HARFBUZZ: 1
[2020.08.27-00.39.41:822][  0]LogAssetRegistry: FAssetRegistry took 0.0022 seconds to start up
[2020.08.27-00.39.42:023][  0]LogInit: Selected Device Profile: [Windows]
[2020.08.27-00.39.42:252][  0]LogMeshReduction: Using QuadricMeshReduction for automatic static mesh reduction
[2020.08.27-00.39.42:252][  0]LogMeshReduction: Using SimplygonMeshReduction for automatic skeletal mesh reduction
[2020.08.27-00.39.42:252][  0]LogMeshReduction: Using ProxyLODMeshReduction for automatic mesh merging
[2020.08.27-00.39.42:252][  0]LogMeshReduction: No distributed automatic mesh merging module available
[2020.08.27-00.39.42:252][  0]LogMeshMerging: No distributed automatic mesh merging module available
[2020.08.27-00.39.42:269][  0]LogNetVersion: Drive 1.0.0, NetCL: 13144385, EngineNetVer: 14, GameNetVer: 0 (Checksum: 859404817)
[2020.08.27-00.39.47:066][  0]LogAISub: UAISubsystem::UAISubsystem AISubsystem (000002479ADF2980), frame # 0
[2020.08.27-00.39.47:066][  0]LogAISub: UAISubsystem::UAISubsystem AIPerceptionSystem (000002479BCC0680), frame # 0
[2020.08.27-00.39.47:068][  0]LogAISub: UAISubsystem::UAISubsystem EnvQueryManager (000002479ADDAA00), frame # 0
[2020.08.27-00.39.47:107][  0]LogPackageLocalizationCache: Processed 19 localized package path(s) for 1 prioritized culture(s) in 0.033414 seconds
[2020.08.27-00.39.47:111][  0]LogUObjectArray: 15917 objects as part of root set at end of initial load.
[2020.08.27-00.39.47:111][  0]LogUObjectAllocator: 3965568 out of 0 bytes used by permanent object pool.
[2020.08.27-00.39.47:111][  0]LogUObjectArray: CloseDisregardForGC: 0/0 objects in disregard for GC pool
[2020.08.27-00.39.47:391][  0]LogTcpMessaging: Initializing TcpMessaging bridge
[2020.08.27-00.39.47:395][  0]LogUdpMessaging: Initializing bridge on interface 0.0.0.0:0 to multicast group 230.0.0.1:6666.
[2020.08.27-00.39.47:492][  0]SourceControl: Source control is disabled
[2020.08.27-00.39.48:573][  0]LogAndroidPermission: UAndroidPermissionCallbackProxy::GetInstance
[2020.08.27-00.39.48:590][  0]LogAudioCaptureCore: Display: No Audio Capture implementations found. Audio input will be silent.
[2020.08.27-00.39.48:590][  0]LogAudioCaptureCore: Display: No Audio Capture implementations found. Audio input will be silent.
[2020.08.27-00.39.48:629][  0]LogOcInput: OculusInput pre-init called
[2020.08.27-00.39.48:637][  0]LogWindows: Failed to load 'OVRPlugin.dll' (GetLastError=126)
[2020.08.27-00.39.48:637][  0]LogWindows: File 'OVRPlugin.dll' does not exist
[2020.08.27-00.39.48:687][  0]LogEngine: Initializing Engine...
[2020.08.27-00.39.48:688][  0]LogHMD: Failed to initialize OpenVR with code 110
[2020.08.27-00.39.48:688][  0]LogMagicLeap: Warning: VR disabled because ZI is not enabled.  To enable, in the editor, Edit -> Project Settings -> Plugins -> Magic Leap Plugin -> Enable Zero Iteration
[2020.08.27-00.39.48:689][  0]LogStats: UGameplayTagsManager::InitializeManager -  0.000 s
[2020.08.27-00.39.48:791][  0]LogInit: Initializing FReadOnlyCVARCache
[2020.08.27-00.39.48:796][  0]LogAIModule: Creating AISystem for world Untitled
[2020.08.27-00.39.48:796][  0]LogAISub: UAISubsystem::UAISubsystem EnvQueryManager (000002479DD5BC00), frame # 0
[2020.08.27-00.39.48:797][  0]LogAISub: UAISubsystem::UAISubsystem AIPerceptionSystem (000002479DDB4A40), frame # 0
[2020.08.27-00.39.48:814][  0]LogAudioMixer: Display: Audio Mixer Platform Settings:
[2020.08.27-00.39.48:814][  0]LogAudioMixer: Display: 	Sample Rate:						  48000
[2020.08.27-00.39.48:814][  0]LogAudioMixer: Display: 	Callback Buffer Frame Size Requested: 1024
[2020.08.27-00.39.48:814][  0]LogAudioMixer: Display: 	Callback Buffer Frame Size To Use:	  1024
[2020.08.27-00.39.48:814][  0]LogAudioMixer: Display: 	Number of buffers to queue:			  2
[2020.08.27-00.39.48:814][  0]LogAudioMixer: Display: 	Max Channels (voices):				  32
[2020.08.27-00.39.48:814][  0]LogAudioMixer: Display: 	Number of Async Source Workers:		  0
[2020.08.27-00.39.48:814][  0]LogAudio: Display: AudioDevice MaxSources: 32
[2020.08.27-00.39.48:815][  0]LogAudio: Display: Using built-in audio occlusion.
[2020.08.27-00.39.48:815][  0]LogAudioMixer: Display: Initializing audio mixer.
[2020.08.27-00.39.48:822][  0]LogAudioMixer: Display: 0: FrontLeft
[2020.08.27-00.39.48:822][  0]LogAudioMixer: Display: 1: FrontRight
[2020.08.27-00.39.48:849][  0]LogAudioMixer: Display: Using Audio Device ASUS VP278 (NVIDIA High Definition Audio)
[2020.08.27-00.39.48:851][  0]LogAudioMixer: Display: Initializing Sound Submixes...
[2020.08.27-00.39.48:852][  0]LogAudioMixer: Display: Creating Master Submix 'MasterSubmixDefault'
[2020.08.27-00.39.48:852][  0]LogAudioMixer: Display: Creating Master Submix 'MasterReverbSubmixDefault'
[2020.08.27-00.39.48:853][  0]LogAudioMixer: Display: Creating Master Submix 'MasterEQSubmixDefault'
[2020.08.27-00.39.48:854][  0]LogInit: FAudioDevice initialized.
[2020.08.27-00.39.48:854][  0]LogNetVersion: Set ProjectVersion to 1.0.0.0. Version Checksum will be recalculated on next use.
[2020.08.27-00.39.48:922][  0]LogDerivedDataCache: Saved boot cache 0.07s 76MB C:/Users/Moses C/AppData/Local/UnrealEngine/4.25/DerivedDataCache/Boot.ddc.
[2020.08.27-00.39.48:925][  0]LogInit: Texture streaming: Enabled
[2020.08.27-00.39.48:938][  0]LogEngineSessionManager: EngineSessionManager initialized
[2020.08.27-00.39.48:938][  0]LogEngineSessionManager: EngineSessionManager sent abnormal shutdown report. Type=Crashed, SessionId={81F08D24-477D-7D4F-34E2-119F45250E22}
[2020.08.27-00.39.48:938][  0]LogEditorSessionSummary: Verbose: Initializing EditorSessionSummaryWriter for editor session tracking
[2020.08.27-00.39.48:940][  0]LogEditorSessionSummary: EditorSessionSummaryWriter initialized
[2020.08.27-00.39.48:983][  0]LogInit: Transaction tracking system initialized
[2020.08.27-00.39.48:999][  0]BlueprintLog: New page: Editor Load
[2020.08.27-00.39.49:055][  0]LocalizationService: Localization service is disabled
[2020.08.27-00.39.49:172][  0]LogCook: Display: Max memory allowance for cook 16384mb min free memory 0mb
[2020.08.27-00.39.49:172][  0]LogCook: Display: Mobile HDR setting 1
[2020.08.27-00.39.49:273][  0]LogFileCache: Scanning file cache for directory 'E:/Documents/Git/drive/Drive/Content/' took 0.00s
[2020.08.27-00.39.49:447][  0]LogUnrealEdMisc: Loading editor; pre map load, took 10.970
[2020.08.27-00.39.49:447][  0]Cmd: MAP LOAD FILE="../../../../../../Documents/Git/drive/Drive/Content/VehicleAdvBP/Maps/VehicleAdvExampleMap.umap" TEMPLATE=0 SHOWPROGRESS=1 FEATURELEVEL=3
[2020.08.27-00.39.49:447][  0]LightingResults: New page: Lighting Build
[2020.08.27-00.39.49:447][  0]LogWorld: UWorld::CleanupWorld for Untitled, bSessionEnded=true, bCleanupResources=true
[2020.08.27-00.39.49:447][  0]LogSlate: InvalidateAllWidgets triggered.  All widgets were invalidated
[2020.08.27-00.39.49:448][  0]MapCheck: New page: Map Check
[2020.08.27-00.39.49:448][  0]LightingResults: New page: Lighting Build
[2020.08.27-00.39.49:456][  0]LogAISub: UAISubsystem::~UAISubsystem EnvQueryManager (000002479DD5BC00), frame # 0
[2020.08.27-00.39.49:456][  0]LogAISub: UAISubsystem::~UAISubsystem AIPerceptionSystem (000002479DDB4A40), frame # 0
[2020.08.27-00.39.49:457][  0]LogUObjectHash: Compacting FUObjectHashTables data took   0.66ms
[2020.08.27-00.39.49:699][  0]LogAIModule: Creating AISystem for world VehicleAdvExampleMap
[2020.08.27-00.39.49:699][  0]LogAISub: UAISubsystem::UAISubsystem EnvQueryManager (00000247AB0AF600), frame # 0
[2020.08.27-00.39.49:699][  0]LogAISub: UAISubsystem::UAISubsystem AIPerceptionSystem (00000247AB094E00), frame # 0
[2020.08.27-00.39.49:716][  0]LogEditorServer: Finished looking for orphan Actors (0.000 secs)
[2020.08.27-00.39.49:729][  0]LogUObjectHash: Compacting FUObjectHashTables data took   0.74ms
[2020.08.27-00.39.49:730][  0]Cmd: MAP CHECKDEP NOCLEARLOG
[2020.08.27-00.39.49:730][  0]MapCheck: Map check complete: 0 Error(s), 0 Warning(s), took 0.097ms to complete.
[2020.08.27-00.39.49:730][  0]LogFileHelpers: Loading map 'VehicleAdvExampleMap' took 0.284
[2020.08.27-00.39.49:731][  0]LogUnrealEdMisc: Total Editor Startup Time, took 11.255
[2020.08.27-00.39.49:867][  0]LogSlate: Updating window title bar state: overlay mode, drag disabled, window buttons hidden, title bar hidden
[2020.08.27-00.39.49:873][  0]LogSlate: Updating window title bar state: overlay mode, drag disabled, window buttons hidden, title bar hidden
[2020.08.27-00.39.49:880][  0]LogSlate: Updating window title bar state: overlay mode, drag disabled, window buttons hidden, title bar hidden
[2020.08.27-00.39.49:886][  0]LogSlate: Updating window title bar state: overlay mode, drag disabled, window buttons hidden, title bar hidden
[2020.08.27-00.39.49:891][  0]LogCollectionManager: Loaded 0 collections in 0.000673 seconds
[2020.08.27-00.39.49:903][  0]LogFileCache: Scanning file cache for directory 'E:/Documents/Git/drive/Drive/Saved/Collections/' took 0.00s
[2020.08.27-00.39.49:903][  0]LogFileCache: Scanning file cache for directory 'E:/Documents/Git/drive/Drive/Content/Developers/MosesC/Collections/' took 0.00s
[2020.08.27-00.39.49:903][  0]LogFileCache: Scanning file cache for directory 'E:/Documents/Git/drive/Drive/Content/Collections/' took 0.00s
[2020.08.27-00.39.49:903][  0]LogContentBrowser: Native class hierarchy populated in 0.0080 seconds. Added 3429 classes and 824 folders.
[2020.08.27-00.39.49:907][  0]LogContentBrowser: Native class hierarchy updated for 'WidgetCarousel' in 0.0002 seconds. Added 0 classes and 0 folders.
[2020.08.27-00.39.49:947][  0]LogContentBrowser: Native class hierarchy updated for 'AddContentDialog' in 0.0002 seconds. Added 0 classes and 0 folders.
[2020.08.27-00.39.49:948][  0]LogContentBrowser: Native class hierarchy updated for 'SceneOutliner' in 0.0002 seconds. Added 2 classes and 0 folders.
[2020.08.27-00.39.50:050][  0]LogSlate: Took 0.000127 seconds to synchronously load lazily loaded font '../../../Engine/Content/Slate/Fonts/Roboto-Regular.ttf' (155K)
[2020.08.27-00.39.50:051][  0]LogSlate: Took 0.000106 seconds to synchronously load lazily loaded font '../../../Engine/Content/Slate/Fonts/Roboto-Bold.ttf' (160K)
[2020.08.27-00.39.50:055][  0]LogSlate: Took 0.000138 seconds to synchronously load lazily loaded font '../../../Engine/Content/Editor/Slate/Fonts/FontAwesome.ttf' (139K)
[2020.08.27-00.39.50:125][  0]LogRenderer: Reallocating scene render targets to support 1208x572 Format 10 NumSamples 1 (Frame:1).
[2020.08.27-00.39.50:208][  0]LogContentBrowser: Native class hierarchy updated for 'HierarchicalLODOutliner' in 0.0002 seconds. Added 0 classes and 0 folders.
[2020.08.27-00.39.50:208][  0]LogLoad: (Engine Initialization) Total time: 11.73 seconds
[2020.08.27-00.39.50:208][  0]LogLoad: (Engine Initialization) Total Blueprint compile time: 0.00 seconds
[2020.08.27-00.39.50:219][  0]LogRawInputWindows: Warning: Found device 11 devices
[2020.08.27-00.39.50:219][  0]LogRawInputWindows: Warning: Found device 11 devices
[2020.08.27-00.39.50:219][  0]LogRawInputWindows: Warning: Device was registered succesfully but not connected (Usage:4 UsagePage:1)
[2020.08.27-00.39.50:219][  0]LogRawInputWindows: Warning: Found device 11 devices
[2020.08.27-00.39.50:220][  0]LogRawInputWindows: Warning: Device was registered succesfully but not connected (Usage:5 UsagePage:1)
[2020.08.27-00.39.50:242][  0]LogAssetRegistry: Asset discovery search completed in 8.4197 seconds
[2020.08.27-00.39.50:245][  0]LogCollectionManager: Fixed up redirectors for 0 collections in 0.000003 seconds (updated 0 objects)
[2020.08.27-00.39.50:252][  0]LogContentStreaming: Texture pool size now 1000 MB
[2020.08.27-00.39.50:267][  0]LogSlate: Took 0.000176 seconds to synchronously load lazily loaded font '../../../Engine/Content/Slate/Fonts/Roboto-Light.ttf' (167K)
[2020.08.27-00.39.51:235][106]LogSlate: Took 0.000147 seconds to synchronously load lazily loaded font '../../../Engine/Content/Slate/Fonts/Roboto-Light.ttf' (167K)
[2020.08.27-00.39.52:871][253]LogAssetEditorSubsystem: Opening Asset editor for WidgetBlueprint /Game/UI_BluePrints/DriverUI.DriverUI
[2020.08.27-00.39.53:071][253]LogContentBrowser: Native class hierarchy updated for 'BlueprintGraph' in 0.0005 seconds. Added 125 classes and 0 folders.
[2020.08.27-00.39.54:131][253]LogSlate: Took 0.000140 seconds to synchronously load lazily loaded font '../../../Engine/Content/Slate/Fonts/Roboto-BoldCondensed.ttf' (158K)
[2020.08.27-00.40.02:759][142]LogSlate: Window 'Color Picker' being destroyed
[2020.08.27-00.40.03:724][234]BlueprintLog: New page: Compile DriverUI
[2020.08.27-00.40.03:785][234]LogUObjectHash: Compacting FUObjectHashTables data took   3.50ms
[2020.08.27-00.40.03:860][234]LogSlate: Took 0.000114 seconds to synchronously load lazily loaded font '../../../Engine/Content/Slate/Fonts/DroidSansMono.ttf' (77K)
[2020.08.27-00.40.04:290][259]Cmd: OBJ SAVEPACKAGE PACKAGE="/Game/UI_BluePrints/DriverUI" FILE="../../../../../../Documents/Git/drive/Drive/Content/UI_BluePrints/DriverUI.uasset" SILENT=true
[2020.08.27-00.40.04:316][259]LogSavePackage: Moving '../../../../../../Documents/Git/drive/Drive/Saved/DriverUIA307996B44E68D3F48D7568FFA7BAE74.tmp' to '../../../../../../Documents/Git/drive/Drive/Content/UI_BluePrints/DriverUI.uasset'
[2020.08.27-00.40.04:330][259]AssetCheck: New page: Asset Save: DriverUI
[2020.08.27-00.40.04:330][259]LogContentValidation: Display: Validating WidgetBlueprint /Game/UI_BluePrints/DriverUI.DriverUI
[2020.08.27-00.40.06:386][477]LogTemp: Repeating last play command: Selected Viewport
[2020.08.27-00.40.06:397][477]LogPlayLevel: PlayLevel: No blueprints needed recompiling
[2020.08.27-00.40.06:398][477]PIE: New page: PIE session: VehicleAdvExampleMap (28/08/2020, 12:40:06 am)
[2020.08.27-00.40.06:399][477]LogOnline: OSS: Creating online subsystem instance for: NULL
[2020.08.27-00.40.06:399][477]LogOnline: OSS: TryLoadSubsystemAndSetDefault: Loaded subsystem for module [NULL]
[2020.08.27-00.40.06:399][477]LogPlayLevel: Creating play world package: /Game/VehicleAdvBP/Maps/UEDPIE_0_VehicleAdvExampleMap
[2020.08.27-00.40.06:420][477]LogPlayLevel: PIE: StaticDuplicateObject took: (0.020795s)
[2020.08.27-00.40.06:421][477]LogAIModule: Creating AISystem for world VehicleAdvExampleMap
[2020.08.27-00.40.06:421][477]LogAISub: UAISubsystem::UAISubsystem EnvQueryManager (00000247D82C3400), frame # 1477
[2020.08.27-00.40.06:421][477]LogAISub: UAISubsystem::UAISubsystem AIPerceptionSystem (0000024807249300), frame # 1477
[2020.08.27-00.40.06:421][477]LogPlayLevel: PIE: World Init took: (0.000895s)
[2020.08.27-00.40.06:421][477]LogPlayLevel: PIE: Created PIE world by copying editor world from /Game/VehicleAdvBP/Maps/VehicleAdvExampleMap.VehicleAdvExampleMap to /Game/VehicleAdvBP/Maps/UEDPIE_0_VehicleAdvExampleMap.VehicleAdvExampleMap (0.021813s)
[2020.08.27-00.40.06:443][477]LogUObjectHash: Compacting FUObjectHashTables data took   2.50ms
[2020.08.27-00.40.06:444][477]LogAudioMixer: Display: Audio Mixer Platform Settings:
[2020.08.27-00.40.06:444][477]LogAudioMixer: Display: 	Sample Rate:						  48000
[2020.08.27-00.40.06:444][477]LogAudioMixer: Display: 	Callback Buffer Frame Size Requested: 1024
[2020.08.27-00.40.06:444][477]LogAudioMixer: Display: 	Callback Buffer Frame Size To Use:	  1024
[2020.08.27-00.40.06:444][477]LogAudioMixer: Display: 	Number of buffers to queue:			  2
[2020.08.27-00.40.06:444][477]LogAudioMixer: Display: 	Max Channels (voices):				  32
[2020.08.27-00.40.06:444][477]LogAudioMixer: Display: 	Number of Async Source Workers:		  0
[2020.08.27-00.40.06:444][477]LogAudio: Display: AudioDevice MaxSources: 32
[2020.08.27-00.40.06:445][477]LogAudio: Display: Using built-in audio occlusion.
[2020.08.27-00.40.06:445][477]LogAudioMixer: Display: Initializing audio mixer.
[2020.08.27-00.40.06:447][477]LogAudioMixer: Display: 0: FrontLeft
[2020.08.27-00.40.06:447][477]LogAudioMixer: Display: 1: FrontRight
[2020.08.27-00.40.06:458][477]LogAudioMixer: Display: Using Audio Device ASUS VP278 (NVIDIA High Definition Audio)
[2020.08.27-00.40.06:458][477]LogAudioMixer: Display: Initializing Sound Submixes...
[2020.08.27-00.40.06:458][477]LogAudioMixer: Display: Creating Master Submix 'MasterSubmixDefault'
[2020.08.27-00.40.06:459][477]LogAudioMixer: Display: Creating Master Submix 'MasterReverbSubmixDefault'
[2020.08.27-00.40.06:459][477]LogAudioMixer: Display: Creating Master Submix 'MasterEQSubmixDefault'
[2020.08.27-00.40.06:470][477]LogInit: FAudioDevice initialized.
[2020.08.27-00.40.06:484][477]LogLoad: Game class is 'VehicleAdvGameMode_C'
[2020.08.27-00.40.06:490][477]LogWorld: Bringing World /Game/VehicleAdvBP/Maps/UEDPIE_0_VehicleAdvExampleMap.VehicleAdvExampleMap up for play (max tick rate 0) at 2020.08.27-12.40.06
[2020.08.27-00.40.06:491][477]LogWorld: Bringing up level for play took: 0.004473
[2020.08.27-00.40.06:491][477]LogOnline: OSS: Creating online subsystem instance for: :Context_4
[2020.08.27-00.40.06:493][477]LogContentBrowser: Native class hierarchy updated for 'MovieSceneCapture' in 0.0003 seconds. Added 20 classes and 0 folders.
[2020.08.27-00.40.06:494][477]PIE: Server logged in
[2020.08.27-00.40.06:496][477]PIE: Play in editor total start time 0.099 seconds.
[2020.08.27-00.40.30:886][303]LogSlate: Took 0.001384 seconds to synchronously load lazily loaded font '../../../Engine/Content/Slate/Fonts/DroidSansFallback.ttf' (3848K)
[2020.08.27-00.41.57:898][615]Cmd: TRANSACTION UNDO
[2020.08.27-00.41.57:898][615]LogEditorTransaction: Undo Move Widget
[2020.08.27-00.42.05:226][291]SourceControl: fatal: E:/Programs/UnrealEngine/UE_4.25/Engine/Content/UMG/Editor: 'E:/Programs/UnrealEngine/UE_4.25/Engine/Content/UMG/Editor' is outside repository at 'E:/Documents/Git/drive'
[2020.08.27-00.42.44:940][396]Cmd: TRANSACTION UNDO
[2020.08.27-00.42.44:940][396]LogEditorTransaction: Undo Move Widget
[2020.08.27-00.42.50:900][939]Cmd: TRANSACTION UNDO
[2020.08.27-00.42.50:900][939]LogEditorTransaction: Undo Remove Widget
[2020.08.27-00.42.51:374][952]Cmd: TRANSACTION UNDO
[2020.08.27-00.42.51:375][952]LogEditorTransaction: Undo Rename Widget
[2020.08.27-00.42.51:598][969]Cmd: TRANSACTION UNDO
[2020.08.27-00.42.51:598][969]LogEditorTransaction: Undo Rename Widget
[2020.08.27-00.42.51:873][994]Cmd: TRANSACTION UNDO
[2020.08.27-00.42.51:873][994]LogEditorTransaction: Undo Remove Widget
[2020.08.27-00.42.52:195][ 22]Cmd: TRANSACTION UNDO
[2020.08.27-00.42.52:195][ 22]LogEditorTransaction: Undo Paste clipboard contents
[2020.08.27-00.42.52:541][ 57]Cmd: TRANSACTION UNDO
[2020.08.27-00.42.52:541][ 57]LogEditorTransaction: Undo Move Widget
[2020.08.27-00.42.54:891][296]Cmd: OBJ SAVEPACKAGE PACKAGE="/Game/UI_BluePrints/DriverUI" FILE="../../../../../../Documents/Git/drive/Drive/Content/UI_BluePrints/DriverUI.uasset" SILENT=true
[2020.08.27-00.42.54:917][296]LogSavePackage: Moving '../../../../../../Documents/Git/drive/Drive/Saved/DriverUICC97895F40153EC7FA0B4ABCD3B68377.tmp' to '../../../../../../Documents/Git/drive/Drive/Content/UI_BluePrints/DriverUI.uasset'
[2020.08.27-00.42.54:924][296]AssetCheck: New page: Asset Save: DriverUI
[2020.08.27-00.42.54:924][296]LogContentValidation: Display: Validating WidgetBlueprint /Game/UI_BluePrints/DriverUI.DriverUI
[2020.08.27-00.44.31:725][190]LogSlate: Updating window title bar state: overlay mode, drag disabled, window buttons hidden, title bar hidden
[2020.08.27-00.44.31:725][190]LogWorld: BeginTearingDown for /Game/VehicleAdvBP/Maps/UEDPIE_0_VehicleAdvExampleMap
[2020.08.27-00.44.31:725][190]LogWorld: UWorld::CleanupWorld for VehicleAdvExampleMap, bSessionEnded=true, bCleanupResources=true
[2020.08.27-00.44.31:726][190]LogSlate: InvalidateAllWidgets triggered.  All widgets were invalidated
[2020.08.27-00.44.31:730][190]LogPlayLevel: Display: Shutting down PIE online subsystems
[2020.08.27-00.44.31:733][190]LogSlate: InvalidateAllWidgets triggered.  All widgets were invalidated
[2020.08.27-00.44.31:768][190]LogSlate: Updating window title bar state: overlay mode, drag disabled, window buttons hidden, title bar hidden
[2020.08.27-00.44.31:769][190]LogAISub: UAISubsystem::~UAISubsystem AIPerceptionSystem (0000024807249300), frame # 27190
[2020.08.27-00.44.31:769][190]LogAISub: UAISubsystem::~UAISubsystem EnvQueryManager (00000247D82C3400), frame # 27190
[2020.08.27-00.44.31:774][190]LogUObjectHash: Compacting FUObjectHashTables data took   4.34ms
[2020.08.27-00.44.31:802][191]LogPlayLevel: Display: Destroying online subsystem :Context_4
[2020.08.27-00.44.32:401][248]BlueprintLog: New page: Compile DriverUI
[2020.08.27-00.44.32:435][248]LogUObjectHash: Compacting FUObjectHashTables data took   2.33ms
[2020.08.27-00.44.33:021][282]Cmd: OBJ SAVEPACKAGE PACKAGE="/Game/UI_BluePrints/DriverUI" FILE="../../../../../../Documents/Git/drive/Drive/Content/UI_BluePrints/DriverUI.uasset" SILENT=true
[2020.08.27-00.44.33:052][282]LogSavePackage: Moving '../../../../../../Documents/Git/drive/Drive/Saved/DriverUI67B8E4054E3F8D804BE6E98257D156B8.tmp' to '../../../../../../Documents/Git/drive/Drive/Content/UI_BluePrints/DriverUI.uasset'
[2020.08.27-00.44.33:063][282]AssetCheck: New page: Asset Save: DriverUI
[2020.08.27-00.44.33:063][282]LogContentValidation: Display: Validating WidgetBlueprint /Game/UI_BluePrints/DriverUI.DriverUI
[2020.08.27-00.44.35:001][501]LogTemp: Repeating last play command: Selected Viewport
[2020.08.27-00.44.35:013][501]LogPlayLevel: PlayLevel: No blueprints needed recompiling
[2020.08.27-00.44.35:013][501]PIE: New page: PIE session: VehicleAdvExampleMap (28/08/2020, 12:44:35 am)
[2020.08.27-00.44.35:013][501]LogPlayLevel: Creating play world package: /Game/VehicleAdvBP/Maps/UEDPIE_0_VehicleAdvExampleMap
[2020.08.27-00.44.35:034][501]LogPlayLevel: PIE: StaticDuplicateObject took: (0.021187s)
[2020.08.27-00.44.35:035][501]LogAIModule: Creating AISystem for world VehicleAdvExampleMap
[2020.08.27-00.44.35:035][501]LogAISub: UAISubsystem::UAISubsystem EnvQueryManager (000002480537C200), frame # 27501
[2020.08.27-00.44.35:035][501]LogAISub: UAISubsystem::UAISubsystem AIPerceptionSystem (00000248068087C0), frame # 27501
[2020.08.27-00.44.35:035][501]LogPlayLevel: PIE: World Init took: (0.000973s)
[2020.08.27-00.44.35:035][501]LogPlayLevel: PIE: Created PIE world by copying editor world from /Game/VehicleAdvBP/Maps/VehicleAdvExampleMap.VehicleAdvExampleMap to /Game/VehicleAdvBP/Maps/UEDPIE_0_VehicleAdvExampleMap.VehicleAdvExampleMap (0.022292s)
[2020.08.27-00.44.35:057][501]LogUObjectHash: Compacting FUObjectHashTables data took   2.68ms
[2020.08.27-00.44.35:058][501]LogAudioMixer: Display: Audio Mixer Platform Settings:
[2020.08.27-00.44.35:058][501]LogAudioMixer: Display: 	Sample Rate:						  48000
[2020.08.27-00.44.35:058][501]LogAudioMixer: Display: 	Callback Buffer Frame Size Requested: 1024
[2020.08.27-00.44.35:058][501]LogAudioMixer: Display: 	Callback Buffer Frame Size To Use:	  1024
[2020.08.27-00.44.35:058][501]LogAudioMixer: Display: 	Number of buffers to queue:			  2
[2020.08.27-00.44.35:058][501]LogAudioMixer: Display: 	Max Channels (voices):				  32
[2020.08.27-00.44.35:058][501]LogAudioMixer: Display: 	Number of Async Source Workers:		  0
[2020.08.27-00.44.35:058][501]LogAudio: Display: AudioDevice MaxSources: 32
[2020.08.27-00.44.35:059][501]LogAudio: Display: Using built-in audio occlusion.
[2020.08.27-00.44.35:059][501]LogAudioMixer: Display: Initializing audio mixer.
[2020.08.27-00.44.35:061][501]LogAudioMixer: Display: 0: FrontLeft
[2020.08.27-00.44.35:061][501]LogAudioMixer: Display: 1: FrontRight
[2020.08.27-00.44.35:074][501]LogAudioMixer: Display: Using Audio Device ASUS VP278 (NVIDIA High Definition Audio)
[2020.08.27-00.44.35:074][501]LogAudioMixer: Display: Initializing Sound Submixes...
[2020.08.27-00.44.35:074][501]LogAudioMixer: Display: Creating Master Submix 'MasterSubmixDefault'
[2020.08.27-00.44.35:074][501]LogAudioMixer: Display: Creating Master Submix 'MasterReverbSubmixDefault'
[2020.08.27-00.44.35:074][501]LogAudioMixer: Display: Creating Master Submix 'MasterEQSubmixDefault'
[2020.08.27-00.44.35:085][501]LogInit: FAudioDevice initialized.
[2020.08.27-00.44.35:092][501]LogLoad: Game class is 'VehicleAdvGameMode_C'
[2020.08.27-00.44.35:098][501]LogWorld: Bringing World /Game/VehicleAdvBP/Maps/UEDPIE_0_VehicleAdvExampleMap.VehicleAdvExampleMap up for play (max tick rate 0) at 2020.08.27-12.44.35
[2020.08.27-00.44.35:098][501]LogWorld: Bringing up level for play took: 0.003639
[2020.08.27-00.44.35:098][501]LogOnline: OSS: Creating online subsystem instance for: :Context_5
[2020.08.27-00.44.35:102][501]PIE: Server logged in
[2020.08.27-00.44.35:102][501]PIE: Play in editor total start time 0.09 seconds.
[2020.08.27-00.44.45:794][778]LogSlate: Updating window title bar state: overlay mode, drag disabled, window buttons hidden, title bar hidden
[2020.08.27-00.44.45:794][778]LogWorld: BeginTearingDown for /Game/VehicleAdvBP/Maps/UEDPIE_0_VehicleAdvExampleMap
[2020.08.27-00.44.45:794][778]LogWorld: UWorld::CleanupWorld for VehicleAdvExampleMap, bSessionEnded=true, bCleanupResources=true
[2020.08.27-00.44.45:795][778]LogSlate: InvalidateAllWidgets triggered.  All widgets were invalidated
[2020.08.27-00.44.45:804][778]LogPlayLevel: Display: Shutting down PIE online subsystems
[2020.08.27-00.44.45:807][778]LogSlate: InvalidateAllWidgets triggered.  All widgets were invalidated
[2020.08.27-00.44.45:841][778]LogSlate: Updating window title bar state: overlay mode, drag disabled, window buttons hidden, title bar hidden
[2020.08.27-00.44.45:842][778]LogAISub: UAISubsystem::~UAISubsystem AIPerceptionSystem (00000248068087C0), frame # 28778
[2020.08.27-00.44.45:842][778]LogAISub: UAISubsystem::~UAISubsystem EnvQueryManager (000002480537C200), frame # 28778
[2020.08.27-00.44.45:845][778]LogUObjectHash: Compacting FUObjectHashTables data took   1.97ms
[2020.08.27-00.44.45:871][779]LogPlayLevel: Display: Destroying online subsystem :Context_5
[2020.08.27-00.44.59:034][129]BlueprintLog: New page: Compile DriverUI
[2020.08.27-00.44.59:067][129]LogUObjectHash: Compacting FUObjectHashTables data took   2.42ms
[2020.08.27-00.44.59:621][161]Cmd: OBJ SAVEPACKAGE PACKAGE="/Game/UI_BluePrints/DriverUI" FILE="../../../../../../Documents/Git/drive/Drive/Content/UI_BluePrints/DriverUI.uasset" SILENT=true
[2020.08.27-00.44.59:649][161]LogSavePackage: Moving '../../../../../../Documents/Git/drive/Drive/Saved/DriverUIC26F48C344130D8756B3AF9A8EAB3CBA.tmp' to '../../../../../../Documents/Git/drive/Drive/Content/UI_BluePrints/DriverUI.uasset'
[2020.08.27-00.44.59:660][161]AssetCheck: New page: Asset Save: DriverUI
[2020.08.27-00.44.59:660][161]LogContentValidation: Display: Validating WidgetBlueprint /Game/UI_BluePrints/DriverUI.DriverUI
[2020.08.27-00.45.02:368][452]LogTemp: Repeating last play command: Selected Viewport
[2020.08.27-00.45.02:379][452]LogPlayLevel: PlayLevel: No blueprints needed recompiling
[2020.08.27-00.45.02:379][452]PIE: New page: PIE session: VehicleAdvExampleMap (28/08/2020, 12:45:02 am)
[2020.08.27-00.45.02:404][452]LogPlayLevel: Creating play world package: /Game/VehicleAdvBP/Maps/UEDPIE_0_VehicleAdvExampleMap
[2020.08.27-00.45.02:424][452]LogPlayLevel: PIE: StaticDuplicateObject took: (0.020102s)
[2020.08.27-00.45.02:425][452]LogAIModule: Creating AISystem for world VehicleAdvExampleMap
[2020.08.27-00.45.02:425][452]LogAISub: UAISubsystem::UAISubsystem EnvQueryManager (00000247AE6D9800), frame # 30452
[2020.08.27-00.45.02:425][452]LogAISub: UAISubsystem::UAISubsystem AIPerceptionSystem (0000024805520540), frame # 30452
[2020.08.27-00.45.02:425][452]LogPlayLevel: PIE: World Init took: (0.001007s)
[2020.08.27-00.45.02:425][452]LogPlayLevel: PIE: Created PIE world by copying editor world from /Game/VehicleAdvBP/Maps/VehicleAdvExampleMap.VehicleAdvExampleMap to /Game/VehicleAdvBP/Maps/UEDPIE_0_VehicleAdvExampleMap.VehicleAdvExampleMap (0.021256s)
[2020.08.27-00.45.02:448][452]LogUObjectHash: Compacting FUObjectHashTables data took   2.60ms
[2020.08.27-00.45.02:449][452]LogAudioMixer: Display: Audio Mixer Platform Settings:
[2020.08.27-00.45.02:449][452]LogAudioMixer: Display: 	Sample Rate:						  48000
[2020.08.27-00.45.02:449][452]LogAudioMixer: Display: 	Callback Buffer Frame Size Requested: 1024
[2020.08.27-00.45.02:449][452]LogAudioMixer: Display: 	Callback Buffer Frame Size To Use:	  1024
[2020.08.27-00.45.02:449][452]LogAudioMixer: Display: 	Number of buffers to queue:			  2
[2020.08.27-00.45.02:449][452]LogAudioMixer: Display: 	Max Channels (voices):				  32
[2020.08.27-00.45.02:449][452]LogAudioMixer: Display: 	Number of Async Source Workers:		  0
[2020.08.27-00.45.02:449][452]LogAudio: Display: AudioDevice MaxSources: 32
[2020.08.27-00.45.02:450][452]LogAudio: Display: Using built-in audio occlusion.
[2020.08.27-00.45.02:450][452]LogAudioMixer: Display: Initializing audio mixer.
[2020.08.27-00.45.02:452][452]LogAudioMixer: Display: 0: FrontLeft
[2020.08.27-00.45.02:452][452]LogAudioMixer: Display: 1: FrontRight
[2020.08.27-00.45.02:463][452]LogAudioMixer: Display: Using Audio Device ASUS VP278 (NVIDIA High Definition Audio)
[2020.08.27-00.45.02:463][452]LogAudioMixer: Display: Initializing Sound Submixes...
[2020.08.27-00.45.02:463][452]LogAudioMixer: Display: Creating Master Submix 'MasterSubmixDefault'
[2020.08.27-00.45.02:463][452]LogAudioMixer: Display: Creating Master Submix 'MasterReverbSubmixDefault'
[2020.08.27-00.45.02:463][452]LogAudioMixer: Display: Creating Master Submix 'MasterEQSubmixDefault'
[2020.08.27-00.45.02:474][452]LogInit: FAudioDevice initialized.
[2020.08.27-00.45.02:479][452]LogLoad: Game class is 'VehicleAdvGameMode_C'
[2020.08.27-00.45.02:486][452]LogWorld: Bringing World /Game/VehicleAdvBP/Maps/UEDPIE_0_VehicleAdvExampleMap.VehicleAdvExampleMap up for play (max tick rate 0) at 2020.08.27-12.45.02
[2020.08.27-00.45.02:486][452]LogWorld: Bringing up level for play took: 0.004440
[2020.08.27-00.45.02:486][452]LogOnline: OSS: Creating online subsystem instance for: :Context_6
[2020.08.27-00.45.02:490][452]PIE: Server logged in
[2020.08.27-00.45.02:490][452]PIE: Play in editor total start time 0.111 seconds.
[2020.08.27-00.45.19:675][506]LogSlate: Updating window title bar state: overlay mode, drag disabled, window buttons hidden, title bar hidden
[2020.08.27-00.45.19:675][506]LogWorld: BeginTearingDown for /Game/VehicleAdvBP/Maps/UEDPIE_0_VehicleAdvExampleMap
[2020.08.27-00.45.19:675][506]LogWorld: UWorld::CleanupWorld for VehicleAdvExampleMap, bSessionEnded=true, bCleanupResources=true
[2020.08.27-00.45.19:676][506]LogSlate: InvalidateAllWidgets triggered.  All widgets were invalidated
[2020.08.27-00.45.19:686][506]LogPlayLevel: Display: Shutting down PIE online subsystems
[2020.08.27-00.45.19:689][506]LogSlate: InvalidateAllWidgets triggered.  All widgets were invalidated
[2020.08.27-00.45.19:723][506]LogSlate: Updating window title bar state: overlay mode, drag disabled, window buttons hidden, title bar hidden
[2020.08.27-00.45.19:725][506]LogAISub: UAISubsystem::~UAISubsystem AIPerceptionSystem (0000024805520540), frame # 32506
[2020.08.27-00.45.19:725][506]LogAISub: UAISubsystem::~UAISubsystem EnvQueryManager (00000247AE6D9800), frame # 32506
[2020.08.27-00.45.19:727][506]LogUObjectHash: Compacting FUObjectHashTables data took   2.06ms
[2020.08.27-00.45.19:754][507]LogPlayLevel: Display: Destroying online subsystem :Context_6
[2020.08.27-00.46.58:513][139]LogSlate: Window 'Color Picker' being destroyed
[2020.08.27-00.47.16:179][981]LogSlate: Window 'Color Picker' being destroyed
[2020.08.27-00.47.29:112][339]LogSlate: Window 'Color Picker' being destroyed
[2020.08.27-00.47.58:612][503]LogSlate: Window 'Color Picker' being destroyed
[2020.08.27-00.47.59:811][633]BlueprintLog: New page: Compile DriverUI
[2020.08.27-00.47.59:850][633]LogUObjectHash: Compacting FUObjectHashTables data took   3.10ms
[2020.08.27-00.48.00:437][667]Cmd: OBJ SAVEPACKAGE PACKAGE="/Game/UI_BluePrints/DriverUI" FILE="../../../../../../Documents/Git/drive/Drive/Content/UI_BluePrints/DriverUI.uasset" SILENT=true
[2020.08.27-00.48.00:464][667]LogSavePackage: Moving '../../../../../../Documents/Git/drive/Drive/Saved/DriverUI6182A6B2463EA617F9EF3A943FA74648.tmp' to '../../../../../../Documents/Git/drive/Drive/Content/UI_BluePrints/DriverUI.uasset'
[2020.08.27-00.48.00:474][667]AssetCheck: New page: Asset Save: DriverUI
[2020.08.27-00.48.00:474][667]LogContentValidation: Display: Validating WidgetBlueprint /Game/UI_BluePrints/DriverUI.DriverUI
[2020.08.27-00.48.02:111][849]LogTemp: Repeating last play command: Selected Viewport
[2020.08.27-00.48.07:307][350]BlueprintLog: New page: Compile DriverUI
[2020.08.27-00.48.07:357][350]LogUObjectHash: Compacting FUObjectHashTables data took   2.75ms
[2020.08.27-00.48.07:888][384]Cmd: OBJ SAVEPACKAGE PACKAGE="/Game/UI_BluePrints/DriverUI" FILE="../../../../../../Documents/Git/drive/Drive/Content/UI_BluePrints/DriverUI.uasset" SILENT=true
[2020.08.27-00.48.07:916][384]LogSavePackage: Moving '../../../../../../Documents/Git/drive/Drive/Saved/DriverUI3DFD31A5421EE14BE25DFFBD64E98F98.tmp' to '../../../../../../Documents/Git/drive/Drive/Content/UI_BluePrints/DriverUI.uasset'
[2020.08.27-00.48.07:925][384]AssetCheck: New page: Asset Save: DriverUI
[2020.08.27-00.48.07:925][384]LogContentValidation: Display: Validating WidgetBlueprint /Game/UI_BluePrints/DriverUI.DriverUI
[2020.08.27-00.48.08:895][491]LogSlate: Window 'DriverUI' being destroyed
[2020.08.27-00.48.08:900][491]LogSlate: Window 'DriverUI' being destroyed
[2020.08.27-00.48.08:904][491]LogWorld: UWorld::CleanupWorld for World_2, bSessionEnded=true, bCleanupResources=true
[2020.08.27-00.48.08:904][491]LogSlate: InvalidateAllWidgets triggered.  All widgets were invalidated
[2020.08.27-00.48.08:907][491]LogWorld: UWorld::CleanupWorld for World_1, bSessionEnded=true, bCleanupResources=true
[2020.08.27-00.48.08:907][491]LogSlate: InvalidateAllWidgets triggered.  All widgets were invalidated
[2020.08.27-00.48.09:895][577]LogUObjectHash: Compacting FUObjectHashTables data took   3.11ms
[2020.08.27-00.48.10:005][577]LogSavePackage: Moving '../../../../../../Documents/Git/drive/Drive/Saved/VehicleAdvExampleMapCF46DB944D6374A5C0B778AA6A8D9226.tmp' to '../../../../../../Documents/Git/drive/Drive/Content/VehicleAdvBP/Maps/VehicleAdvExampleMap.umap'
[2020.08.27-00.48.10:025][577]LogEditorTransaction: Non zero active count in UTransBuffer::Reset
ActiveCount : 2
SessionName : 
Reason      : Map Saved

Purging the undo buffer...

[2020.08.27-00.48.10:730][577]LogSavePackage: Moving '../../../../../../Documents/Git/drive/Drive/Saved/VehicleAdvExampleMap_BuiltData3A519FA142C6E86AEBC0A595367C8F3C.tmp' to '../../../../../../Documents/Git/drive/Drive/Content/VehicleAdvBP/Maps/VehicleAdvExampleMap_BuiltData.uasset'
[2020.08.27-00.48.10:741][577]AssetCheck: New page: Asset Save: multiple assets
[2020.08.27-00.48.10:741][577]LogContentValidation: Display: Validating World /Game/VehicleAdvBP/Maps/VehicleAdvExampleMap.VehicleAdvExampleMap
[2020.08.27-00.48.10:741][577]LogContentValidation: Display: Validating MapBuildDataRegistry /Game/VehicleAdvBP/Maps/VehicleAdvExampleMap_BuiltData.VehicleAdvExampleMap_BuiltData
[2020.08.27-00.48.11:800][697]LogUObjectHash: Compacting FUObjectHashTables data took   2.77ms
[2020.08.27-00.48.12:618][787]LogTemp: Repeating last play command: Selected Viewport
[2020.08.27-00.48.12:629][787]LogPlayLevel: PlayLevel: No blueprints needed recompiling
[2020.08.27-00.48.12:629][787]PIE: New page: PIE session: VehicleAdvExampleMap (28/08/2020, 12:48:12 am)
[2020.08.27-00.48.12:653][787]LogPlayLevel: Creating play world package: /Game/VehicleAdvBP/Maps/UEDPIE_0_VehicleAdvExampleMap
[2020.08.27-00.48.12:674][787]LogPlayLevel: PIE: StaticDuplicateObject took: (0.019690s)
[2020.08.27-00.48.12:674][787]LogAIModule: Creating AISystem for world VehicleAdvExampleMap
[2020.08.27-00.48.12:674][787]LogAISub: UAISubsystem::UAISubsystem EnvQueryManager (00000247C0918A00), frame # 50787
[2020.08.27-00.48.12:675][787]LogAISub: UAISubsystem::UAISubsystem AIPerceptionSystem (000002480725C540), frame # 50787
[2020.08.27-00.48.12:675][787]LogPlayLevel: PIE: World Init took: (0.001124s)
[2020.08.27-00.48.12:675][787]LogPlayLevel: PIE: Created PIE world by copying editor world from /Game/VehicleAdvBP/Maps/VehicleAdvExampleMap.VehicleAdvExampleMap to /Game/VehicleAdvBP/Maps/UEDPIE_0_VehicleAdvExampleMap.VehicleAdvExampleMap (0.020966s)
[2020.08.27-00.48.12:689][787]LogUObjectHash: Compacting FUObjectHashTables data took   1.29ms
[2020.08.27-00.48.12:689][787]LogAudioMixer: Display: Audio Mixer Platform Settings:
[2020.08.27-00.48.12:689][787]LogAudioMixer: Display: 	Sample Rate:						  48000
[2020.08.27-00.48.12:689][787]LogAudioMixer: Display: 	Callback Buffer Frame Size Requested: 1024
[2020.08.27-00.48.12:689][787]LogAudioMixer: Display: 	Callback Buffer Frame Size To Use:	  1024
[2020.08.27-00.48.12:689][787]LogAudioMixer: Display: 	Number of buffers to queue:			  2
[2020.08.27-00.48.12:689][787]LogAudioMixer: Display: 	Max Channels (voices):				  32
[2020.08.27-00.48.12:689][787]LogAudioMixer: Display: 	Number of Async Source Workers:		  0
[2020.08.27-00.48.12:689][787]LogAudio: Display: AudioDevice MaxSources: 32
[2020.08.27-00.48.12:689][787]LogAudio: Display: Using built-in audio occlusion.
[2020.08.27-00.48.12:689][787]LogAudioMixer: Display: Initializing audio mixer.
[2020.08.27-00.48.12:691][787]LogAudioMixer: Display: 0: FrontLeft
[2020.08.27-00.48.12:691][787]LogAudioMixer: Display: 1: FrontRight
[2020.08.27-00.48.12:704][787]LogAudioMixer: Display: Using Audio Device ASUS VP278 (NVIDIA High Definition Audio)
[2020.08.27-00.48.12:704][787]LogAudioMixer: Display: Initializing Sound Submixes...
[2020.08.27-00.48.12:704][787]LogAudioMixer: Display: Creating Master Submix 'MasterSubmixDefault'
[2020.08.27-00.48.12:704][787]LogAudioMixer: Display: Creating Master Submix 'MasterReverbSubmixDefault'
[2020.08.27-00.48.12:704][787]LogAudioMixer: Display: Creating Master Submix 'MasterEQSubmixDefault'
[2020.08.27-00.48.12:715][787]LogInit: FAudioDevice initialized.
[2020.08.27-00.48.12:725][787]LogLoad: Game class is 'VehicleAdvGameMode_C'
[2020.08.27-00.48.12:731][787]LogWorld: Bringing World /Game/VehicleAdvBP/Maps/UEDPIE_0_VehicleAdvExampleMap.VehicleAdvExampleMap up for play (max tick rate 0) at 2020.08.27-12.48.12
[2020.08.27-00.48.12:731][787]LogWorld: Bringing up level for play took: 0.003689
[2020.08.27-00.48.12:731][787]LogOnline: OSS: Creating online subsystem instance for: :Context_7
[2020.08.27-00.48.12:735][787]PIE: Server logged in
[2020.08.27-00.48.12:735][787]PIE: Play in editor total start time 0.107 seconds.
[2020.08.27-00.48.34:264][360]LogSlate: Updating window title bar state: overlay mode, drag disabled, window buttons hidden, title bar hidden
[2020.08.27-00.48.34:264][360]LogWorld: BeginTearingDown for /Game/VehicleAdvBP/Maps/UEDPIE_0_VehicleAdvExampleMap
[2020.08.27-00.48.34:264][360]LogWorld: UWorld::CleanupWorld for VehicleAdvExampleMap, bSessionEnded=true, bCleanupResources=true
[2020.08.27-00.48.34:265][360]LogSlate: InvalidateAllWidgets triggered.  All widgets were invalidated
[2020.08.27-00.48.34:271][360]LogPlayLevel: Display: Shutting down PIE online subsystems
[2020.08.27-00.48.34:273][360]LogSlate: InvalidateAllWidgets triggered.  All widgets were invalidated
[2020.08.27-00.48.34:286][360]LogSlate: Updating window title bar state: overlay mode, drag disabled, window buttons hidden, title bar hidden
[2020.08.27-00.48.34:302][360]LogAISub: UAISubsystem::~UAISubsystem AIPerceptionSystem (000002480725C540), frame # 53360
[2020.08.27-00.48.34:302][360]LogAISub: UAISubsystem::~UAISubsystem EnvQueryManager (00000247C0918A00), frame # 53360
[2020.08.27-00.48.34:304][360]LogUObjectHash: Compacting FUObjectHashTables data took   1.49ms
[2020.08.27-00.48.34:327][361]LogPlayLevel: Display: Destroying online subsystem :Context_7
[2020.08.27-00.48.56:223][951]LogAssetEditorSubsystem: Opening Asset editor for WidgetBlueprint /Game/UI_BluePrints/DriverUI.DriverUI
[2020.08.27-00.49.41:805][139]BlueprintLog: New page: Compile DriverUI
[2020.08.27-00.49.41:814][139]LogBlueprint: Error: [Compiler DriverUI] The current value of the ' Event ' pin is invalid: Unsupported type Delegate on pin Delegate
[2020.08.27-00.49.41:837][139]LogUObjectHash: Compacting FUObjectHashTables data took   2.09ms
[2020.08.27-00.50.48:105][133]LogSlate: Took 0.021158 seconds to synchronously load lazily loaded font '../../../Engine/Content/Slate/Fonts/Roboto-BoldCondensedItalic.ttf' (160K)
[2020.08.27-00.51.02:039][757]LogRHI: Error: Present Fail Count 1
[2020.08.27-00.51.02:039][757]LogRHI: Error: SyncInterval 0
[2020.08.27-00.51.02:039][757]LogRHI: Error: SwapChainDesc.BufferDesc.Width 152
[2020.08.27-00.51.02:039][757]LogRHI: Error: SwapChainDesc.BufferDesc.Height 26
[2020.08.27-00.51.02:039][757]LogRHI: Error: SwapChainDesc.BufferDesc.RefreshRate.Numerator 0
[2020.08.27-00.51.02:039][757]LogRHI: Error: SwapChainDesc.BufferDesc.RefreshRate.Denominator 0
[2020.08.27-00.51.02:039][757]LogRHI: Error: SwapChainDesc.BufferDesc.Format 24
[2020.08.27-00.51.02:039][757]LogRHI: Error: SwapChainDesc.BufferDesc.ScanlineOrdering 0
[2020.08.27-00.51.02:039][757]LogRHI: Error: SwapChainDesc.BufferDesc.Scaling 0
[2020.08.27-00.51.02:039][757]LogRHI: Error: SwapChainDesc.SampleDesc.Count 1
[2020.08.27-00.51.02:039][757]LogRHI: Error: SwapChainDesc.SampleDesc.Quality 0
[2020.08.27-00.51.02:039][757]LogRHI: Error: SwapChainDesc.BufferUsage 48
[2020.08.27-00.51.02:039][757]LogRHI: Error: SwapChainDesc.BufferCount 2
[2020.08.27-00.51.02:039][757]LogRHI: Error: SwapChainDesc.OutputWindow 00000000003F00A4
[2020.08.27-00.51.02:039][757]LogRHI: Error: SwapChainDesc.Windowed true
[2020.08.27-00.51.02:039][757]LogRHI: Error: SwapChainDesc.SwapEffect 4
[2020.08.27-00.51.02:039][757]LogRHI: Error: SwapChainDesc.Flags 2050
[2020.08.27-00.51.02:039][757]LogD3D11RHI: Error: Result failed 
 at D:/Build/++UE4+Licensee/Sync/Engine/Source/Runtime/Windows/D3D11RHI/Private/D3D11Query.cpp:348 
 with error DXGI_ERROR_DEVICE_REMOVED DXGI_ERROR_DRIVER_INTERNAL_ERROR
[2020.08.27-00.51.02:039][757]LogRHI: Error: [Aftermath] Status: PageFault
[2020.08.27-00.51.02:040][757]LogRHI: Error: [Aftermath] GPU Stack Dump
[2020.08.27-00.51.02:040][757]LogRHI: Error: [Aftermath] 0: FRAME
[2020.08.27-00.51.02:040][757]LogRHI: Error: [Aftermath] 1: SlateUI Title = <none>
[2020.08.27-00.51.02:040][757]LogRHI: Error: [Aftermath] GPU Stack Dump
[2020.08.27-00.51.02:127][757]LogD3D11RHI: [Aftermath] GDynamicRHI=00000247FDDCA0C0, GDX11NVAfterMathEnabled=1, Result=0x00000001, bDeviceActive=0
[2020.08.27-00.51.02:127][757]LogWindows: Windows GetLastError: The operation completed successfully. (0)
[2020.08.27-00.51.03:902][757]LogWindows: FPlatformMisc::RequestExit(0)
[2020.08.27-00.51.03:902][757]LogCore: Engine exit requested (reason: Win RequestExit)
[2020.08.27-00.51.03:902][757]LogWindows: FPlatformMisc::RequestExit(1)
[2020.08.27-00.51.03:902][757]LogCore: Engine exit requested (reason: Win RequestExit; note: exit was already requested)
[2020.08.27-00.51.04:089][757]Log file closed, 08/27/20 12:51:04
